
================================================================
======== Log Rotated - 19/4/2024 17:39:23                       
================================================================

================================================================
======== FXServer Starting - 19/4/2024 17:39:30                 
================================================================
[           resources] Scanning resources.
[           resources] Found 103 resources.
[          svadhesive] Authenticating server license key...
[          svadhesive] Server license key authentication succeeded. Welcome!
[    c-scripting-core] Creating script environments for sessionmanager
[           resources] Started resource sessionmanager
[    c-scripting-core] Creating script environments for monitor
[      script:monitor] [txAdmin] Resource v7.1.0 threads and commands set up. All Ready.
[           resources] Started resource monitor
[    c-scripting-core] Creating script environments for mapmanager
[           resources] Started resource mapmanager
[    c-scripting-core] Creating script environments for yarn
[           resources] Started resource yarn
[    c-scripting-core] Creating script environments for webpack
[           resources] Started resource webpack
[    c-scripting-core] Creating script environments for chat
[           resources] Started resource chat
[           resources] Started resource spawnmanager
[   script:mapmanager] Started gametype Freeroam
[           resources] Started resource basic-gamemode
[    c-scripting-core] [97mCreating script environments for hardcap
[           resources] Started resource hardcap
[    c-scripting-core] Creating script environments for baseevents
[           resources] Started resource baseevents
[    c-scripting-core] Creating script environments for oxmysql
[           resources] Started resource oxmysql
[    c-scripting-core] Creating script environments for qb-core
[      script:qb-core] Warning: Missing phrase for key: "command.dvall.help"
[      script:qb-core] Warning: Missing phrase for key: "command.dvp.help"
[      script:qb-core] Warning: Missing phrase for key: "command.dvo.help"
[           resources] Started resource qb-core
[           resources] Started resource menuv
[    c-scripting-core] Creating script environments for qb-adminmenu
[           resources] Started resource qb-adminmenu
[    c-scripting-core] Creating script environments for qb-ambulancejob
[script:qb-ambulancej] Warning: Missing phrase for key: "info.paleto_hospital"
[           resources] Started resource qb-ambulancejob
[           resources] Started resource qb-interior
[    c-scripting-core] Creating script environments for qb-clothing
[           resources] Started resource qb-clothing
[    c-scripting-core] Creating script environments for qb-weathersync
[           resources] Started resource qb-weathersync
[    c-scripting-core] Creating script environments for qb-apartments
[           resources] Started resource qb-apartments
[    c-scripting-core] Creating script environments for qb-banking
[           resources] Started resource qb-banking
[    c-scripting-core] Creating script environments for PolyZone
[           resources] Started resource PolyZone
[    c-scripting-core] Creating script environments for qb-bankrobbery
[           resources] Started resource qb-bankrobbery
[    c-scripting-core] Creating script environments for qb-busjob
[           resources] Started resource qb-busjob
[    c-scripting-core] [0mCreating script environments for qb-cityhall
[           resources] Started resource qb-cityhall
[           resources] Started resource qb-minigames
[    c-scripting-core] Creating script environments for qb-crypto
[           resources] Started resource qb-crypto
[    c-scripting-core] Creating script environments for qb-diving
[           resources] Started resource qb-diving
[    c-scripting-core] Creating script environments for qb-doorlock
[           resources] Started resource qb-doorlock
[    c-scripting-core] Creating script environments for qb-drugs
[           resources] Started resource qb-drugs
[    c-scripting-core] Creating script environments for qb-fitbit
[           resources] Started resource qb-fitbit
[    c-scripting-core] Creating script environments for qb-garages
[           resources] Started resource qb-garages
[    c-scripting-core] Creating script environments for qb-garbagejob
[           resources] Started resource qb-garbagejob
[    c-scripting-core] Creating script environments for qb-hotdogjob
[           resources] Started resource qb-hotdogjob
[    c-scripting-core] Creating script environments for qb-houserobbery
[           resources] Started resource qb-houserobbery
[    c-scripting-core] Creating script environments for qb-houses
[           resources] Started resource qb-houses
[    c-scripting-core] Creating script environments for qb-hud
[           resources] Started resource qb-hud
[           resources] Started resource qb-input
[    c-scripting-core] Creating script environments for qb-weapons
[           resources] [93mStarted resource qb-weapons
[    c-scripting-core] Creating script environments for qb-inventory
[           resources] [0mStarted resource qb-inventory
[    c-scripting-core] Creating script environments for qb-jewelery
[           resources] Started resource qb-jewelery
[    c-scripting-core] Creating script environments for qb-lapraces
[           resources] Started resource qb-lapraces
[           resources] Started resource qb-loading
[    c-scripting-core] Creating script environments for qb-management
[           resources] Started resource qb-management
[    c-scripting-core] Creating script environments for qb-mechanicjob
[           resources] Started resource qb-mechanicjob
[           resources] Started resource qb-menu
[    c-scripting-core] Creating script environments for qb-spawn
[           resources] Started resource qb-spawn
[    c-scripting-core] Creating script environments for qb-multicharacter
[           resources] Started resource qb-multicharacter
[    c-scripting-core] Creating script environments for qb-newsjob
[           resources] Started resource qb-newsjob
[    c-scripting-core] Creating script environments for qb-pawnshop
[           resources] Started resource qb-pawnshop
[    c-scripting-core] Creating script environments for qb-phone
[           resources] Started resource qb-phone
[    c-scripting-core] Creating script environments for qb-policejob
[           resources] Started resource qb-policejob
[    c-scripting-core] Creating script environments for qb-prison
[           resources] Started resource qb-prison
[    c-scripting-core] Creating script environments for qb-radialmenu
[           resources] Started resource qb-radialmenu
[    c-scripting-core] Creating script environments for qb-recyclejob
[           resources] Started resource qb-recyclejob
[    c-scripting-core] Creating script environments for qb-scoreboard
[           resources] Started resource qb-scoreboard
[    c-scripting-core] Creating script environments for qb-scrapyard
[           resources] Started resource qb-scrapyard
[    c-scripting-core] Creating script environments for qb-shops
[           resources] Started resource qb-shops
[    c-scripting-core] Creating script environments for qb-smallresources
[           resources] [93mStarted resource qb-smallresources
[    c-scripting-core] Creating script environments for qb-storerobbery
[           resources] Started resource qb-storerobbery
[    c-scripting-core] [93mCreating script environments for qb-streetraces
[           resources] Started resource qb-streetraces
[           resources] Started resource qb-target
[    c-scripting-core] Creating script environments for qb-taxijob
[           resources] Started resource qb-taxijob
[    c-scripting-core] Creating script environments for qb-towjob
[           resources] Started resource qb-towjob
[    c-scripting-core] [0mCreating script environments for qb-traphouse
[           resources] Started resource qb-traphouse
[    c-scripting-core] Creating script environments for qb-truckerjob
[           resources] Started resource qb-truckerjob
[    c-scripting-core] Creating script environments for qb-truckrobbery
[           resources] Started resource qb-truckrobbery
[    c-scripting-core] Creating script environments for qb-vehiclekeys
[           resources] Started resource qb-vehiclekeys
[    c-scripting-core] Creating script environments for qb-vehiclesales
[           resources] Started resource qb-vehiclesales
[    c-scripting-core] Creating script environments for qb-vehicleshop
[           resources] Started resource qb-vehicleshop
[    c-scripting-core] Creating script environments for qb-vineyard
[           resources] Started resource qb-vineyard
[    c-scripting-core] Creating script environments for qb-weed
[           resources] Started resource qb-weed
[    c-scripting-core] Creating script environments for LegacyFuel
[           resources] Started resource LegacyFuel
[           resources] [0mStarted resource bob74_ipl
[    c-scripting-core] Creating script environments for connectqueue
[ script:connectqueue] QUEUE:  [connectqueue] Disabling hardcap 
[           resources] Stopping resource hardcap
[           resources] Started resource connectqueue
[    c-scripting-core] Creating script environments for interact-sound
[           resources] Started resource interact-sound
[           resources] Started resource progressbar
[           resources] Started resource safecracker
[    c-scripting-core] Creating script environments for screenshot-basic
[           resources] Started resource screenshot-basic
[    c-scripting-core] Creating script environments for pma-voice
[           resources] Started resource pma-voice
[    c-scripting-core] [0mCreating script environments for qb-radio
[           resources] Started resource qb-radio
[           resources] Started resource dealer_map
[           resources] Started resource hospital_map
[           resources] Started resource prison_canteen
[resources:prison_mai] Asset prison_main/desertos_prison.ytd uses 30.5 MiB of physical memory.
[           resources] Started resource prison_main (1 warning)
[           resources] Started resource prison_meeting
[    resources:bmw745] Warning: could not find client_script `vehicle_names.lua` (defined in __resource.lua:17)
[resources:bmw745:str] Asset bmw745/745le.yft uses 21.8 MiB of virtual memory.
[resources:bmw745:str] Asset bmw745/745le.ytd uses 30.5 MiB of physical memory.
[resources:bmw745:str] Asset bmw745/745le_hi.yft uses 21.8 MiB of virtual memory.
[           resources] Started resource bmw745 (4 warnings)
[    resources:cayene] Warning: could not find client_script `vehicle_names.lua` (defined in __resource.lua:17)
[resources:cayene:str] Asset cayene/pcs18.yft uses 28.2 MiB of virtual memory.
[resources:cayene:str] Asset cayene/pcs18.ytd uses 16.8 MiB of physical memory.
[resources:cayene:str] Asset cayene/pcs18_hi.yft uses 28.2 MiB of virtual memory.
[           resources] Started resource cayene (4 warnings)
[       resources:m4c] Warning: could not find file `vehiclelayouts.meta` (defined in __resource.lua:3)
[resources:m4c:stream] Asset m4c/m4c.yft uses 31.1 MiB of virtual memory.
[resources:m4c:stream] Asset m4c/m4c.ytd uses 64.0 MiB of physical memory. Oversized assets can and WILL lead to streaming issues (such as models not loading/rendering).
[resources:m4c:stream] Asset m4c/m4c_hi.yft uses 31.1 MiB of virtual memory.
[           resources] Started resource m4c (4 warnings)
[   script:mapmanager] Started map fivem-map-skater
[           resources] Started resource fivem-map-skater
[ citizen-server-impl] server thread hitch warning: timer interval of 176 milliseconds
[      script:oxmysql] Unable to establish a connection to the database (ER_BAD_DB_ERROR)!
[      script:oxmysql] Error 1049: Unknown database 'qbcoreframework_1ecce5'
[ citizen-server-impl]         fff                          
[ citizen-server-impl]   cccc ff   xx  xx     rr rr    eee  
[ citizen-server-impl] cc     ffff   xx       rrr  r ee   e 
[ citizen-server-impl] cc     ff     xx   ... rr     eeeee  
[ citizen-server-impl]  ccccc ff   xx  xx ... rr      eeeee 
[ citizen-server-impl]                                      
[ citizen-server-impl] Authenticated with cfx.re Nucleus: https://grinmord-bzk5p4.users.cfx.re/
[      script:oxmysql] An update is available for oxmysql (current version: 2.8.0)
[      script:oxmysql] https://github.com/overextended/oxmysql/releases/tag/v2.9.1
[ script:connectqueue] QUEUE: TREKFLAX[license:b3beb1fb1227c9b746b4c1d1f311e378a1cb61a9] was placed 1/1 in queue
[ script:connectqueue] QUEUE: TREKFLAX[license:b3beb1fb1227c9b746b4c1d1f311e378a1cb61a9] is loading into the server
[      script:oxmysql] Unable to establish a connection to the database (ER_BAD_DB_ERROR)!
[      script:oxmysql] Error 1049: Unknown database 'qbcoreframework_1ecce5'
[      script:oxmysql] Unable to establish a connection to the database (ER_BAD_DB_ERROR)!
[      script:oxmysql] Error 1049: Unknown database 'qbcoreframework_1ecce5'
> txaEvent "whitelistPreApproval" "{＂action＂:＂removed＂,＂identifier＂:＂discord:726585674756522077＂,＂adminName＂:＂GRINMORD＂}"
[ script:connectqueue] QUEUE: TREKFLAX[license:b3beb1fb1227c9b746b4c1d1f311e378a1cb61a9] was placed 1/1 in queue
[ citizen-server-main] -> Quitting: SIGHUP received

================================================================
======== FXServer Starting - 19/4/2024 18:08:42                 
================================================================
[           resources] Scanning resources.
[           resources] Found 103 resources.
[          svadhesive] Authenticating server license key...
[          svadhesive] Server license key authentication succeeded. Welcome!
[    c-scripting-core] Creating script environments for sessionmanager
[           resources] Started resource sessionmanager
[    c-scripting-core] [0mCreating script environments for monitor
[      script:monitor] [txAdmin] Resource v7.1.0 threads and commands set up. All Ready.
[           resources] Started resource monitor
[    c-scripting-core] Creating script environments for mapmanager
[           resources] Started resource mapmanager
[    c-scripting-core] [97mCreating script environments for yarn
[           resources] Started resource yarn
[    c-scripting-core] Creating script environments for webpack
[           resources] Started resource webpack
[    c-scripting-core] Creating script environments for chat
[           resources] Started resource chat
[           resources] Started resource spawnmanager
[   script:mapmanager] Started gametype Freeroam
[           resources] Started resource basic-gamemode
[    c-scripting-core] [0mCreating script environments for hardcap
[           resources] Started resource hardcap
[    c-scripting-core] [97mCreating script environments for baseevents
[           resources] Started resource baseevents
[    c-scripting-core] Creating script environments for oxmysql
[           resources] Started resource oxmysql
[    c-scripting-core] Creating script environments for qb-core
[      script:qb-core] Warning: Missing phrase for key: "command.dvall.help"
[      script:qb-core] Warning: Missing phrase for key: "command.dvp.help"
[      script:qb-core] Warning: Missing phrase for key: "command.dvo.help"
[           resources] [93mStarted resource qb-core
[           resources] Started resource menuv
[    c-scripting-core] Creating script environments for qb-adminmenu
[           resources] Started resource qb-adminmenu
[    c-scripting-core] Creating script environments for qb-ambulancejob
[script:qb-ambulancej] [93mWarning: Missing phrase for key: "info.paleto_hospital"
[           resources] Started resource qb-ambulancejob
[           resources] Started resource qb-interior
[    c-scripting-core] [0mCreating script environments for qb-clothing
[           resources] Started resource qb-clothing
[    c-scripting-core] Creating script environments for qb-weathersync
[           resources] Started resource qb-weathersync
[    c-scripting-core] [93mCreating script environments for qb-apartments
[           resources] Started resource qb-apartments
[    c-scripting-core] Creating script environments for qb-banking
[           resources] Started resource qb-banking
[    c-scripting-core] [93mCreating script environments for PolyZone
[           resources] Started resource PolyZone
[    c-scripting-core] [93mCreating script environments for qb-bankrobbery
[           resources] Started resource qb-bankrobbery
[    c-scripting-core] Creating script environments for qb-busjob
[           resources] Started resource qb-busjob
[    c-scripting-core] Creating script environments for qb-cityhall
[           resources] Started resource qb-cityhall
[           resources] Started resource qb-minigames
[    c-scripting-core] [0mCreating script environments for qb-crypto
[           resources] Started resource qb-crypto
[    c-scripting-core] Creating script environments for qb-diving
[           resources] Started resource qb-diving
[    c-scripting-core] Creating script environments for qb-doorlock
[           resources] Started resource qb-doorlock
[    c-scripting-core] Creating script environments for qb-drugs
[           resources] Started resource qb-drugs
[    c-scripting-core] Creating script environments for qb-fitbit
[           resources] Started resource qb-fitbit
[    c-scripting-core] Creating script environments for qb-garages
[           resources] Started resource qb-garages
[    c-scripting-core] Creating script environments for qb-garbagejob
[           resources] Started resource qb-garbagejob
[    c-scripting-core] Creating script environments for qb-hotdogjob
[           resources] Started resource qb-hotdogjob
[    c-scripting-core] Creating script environments for qb-houserobbery
[           resources] Started resource qb-houserobbery
[    c-scripting-core] Creating script environments for qb-houses
[           resources] Started resource qb-houses
[    c-scripting-core] [0mCreating script environments for qb-hud
[           resources] Started resource qb-hud
[           resources] Started resource qb-input
[    c-scripting-core] Creating script environments for qb-weapons
[           resources] Started resource qb-weapons
[    c-scripting-core] Creating script environments for qb-inventory
[           resources] Started resource qb-inventory
[    c-scripting-core] Creating script environments for qb-jewelery
[           resources] Started resource qb-jewelery
[    c-scripting-core] Creating script environments for qb-lapraces
[           resources] Started resource qb-lapraces
[           resources] Started resource qb-loading
[    c-scripting-core] Creating script environments for qb-management
[           resources] Started resource qb-management
[    c-scripting-core] [0mCreating script environments for qb-mechanicjob
[           resources] Started resource qb-mechanicjob
[           resources] Started resource qb-menu
[    c-scripting-core] Creating script environments for qb-spawn
[           resources] [93mStarted resource qb-spawn
[    c-scripting-core] Creating script environments for qb-multicharacter
[           resources] Started resource qb-multicharacter
[    c-scripting-core] Creating script environments for qb-newsjob
[           resources] Started resource qb-newsjob
[    c-scripting-core] Creating script environments for qb-pawnshop
[           resources] Started resource qb-pawnshop
[    c-scripting-core] Creating script environments for qb-phone
[           resources] Started resource qb-phone
[    c-scripting-core] Creating script environments for qb-policejob
[           resources] [0mStarted resource qb-policejob
[    c-scripting-core] Creating script environments for qb-prison
[           resources] Started resource qb-prison
[    c-scripting-core] Creating script environments for qb-radialmenu
[           resources] [0mStarted resource qb-radialmenu
[    c-scripting-core] Creating script environments for qb-recyclejob
[           resources] Started resource qb-recyclejob
[    c-scripting-core] [93mCreating script environments for qb-scoreboard
[           resources] Started resource qb-scoreboard
[    c-scripting-core] Creating script environments for qb-scrapyard
[           resources] Started resource qb-scrapyard
[    c-scripting-core] Creating script environments for qb-shops
[           resources] Started resource qb-shops
[    c-scripting-core] Creating script environments for qb-smallresources
[           resources] Started resource qb-smallresources
[    c-scripting-core] Creating script environments for qb-storerobbery
[           resources] Started resource qb-storerobbery
[    c-scripting-core] Creating script environments for qb-streetraces
[           resources] Started resource qb-streetraces
[           resources] Started resource qb-target
[    c-scripting-core] Creating script environments for qb-taxijob
[           resources] Started resource qb-taxijob
[    c-scripting-core] Creating script environments for qb-towjob
[           resources] Started resource qb-towjob
[    c-scripting-core] Creating script environments for qb-traphouse
[           resources] Started resource qb-traphouse
[    c-scripting-core] Creating script environments for qb-truckerjob
[           resources] Started resource qb-truckerjob
[    c-scripting-core] Creating script environments for qb-truckrobbery
[           resources] Started resource qb-truckrobbery
[    c-scripting-core] [0mCreating script environments for qb-vehiclekeys
[           resources] [0mStarted resource qb-vehiclekeys
[    c-scripting-core] Creating script environments for qb-vehiclesales
[           resources] Started resource qb-vehiclesales
[    c-scripting-core] Creating script environments for qb-vehicleshop
[           resources] Started resource qb-vehicleshop
[    c-scripting-core] Creating script environments for qb-vineyard
[           resources] Started resource qb-vineyard
[    c-scripting-core] Creating script environments for qb-weed
[           resources] Started resource qb-weed
[    c-scripting-core] Creating script environments for LegacyFuel
[           resources] Started resource LegacyFuel
[           resources] Started resource bob74_ipl
[    c-scripting-core] [0mCreating script environments for connectqueue
[ script:connectqueue] QUEUE:  [connectqueue] Disabling hardcap 
[           resources] Stopping resource hardcap
[           resources] Started resource connectqueue
[    c-scripting-core] [0mCreating script environments for interact-sound
[           resources] Started resource interact-sound
[           resources] Started resource progressbar
[           resources] Started resource safecracker
[    c-scripting-core] Creating script environments for screenshot-basic
[           resources] Started resource screenshot-basic
[    c-scripting-core] [0mCreating script environments for pma-voice
[           resources] Started resource pma-voice
[    c-scripting-core] Creating script environments for qb-radio
[           resources] Started resource qb-radio
[           resources] Started resource dealer_map
[           resources] Started resource hospital_map
[           resources] Started resource prison_canteen
[resources:prison_mai] Asset prison_main/desertos_prison.ytd uses 30.5 MiB of physical memory.
[           resources] Started resource prison_main (1 warning)
[           resources] Started resource prison_meeting
[    resources:bmw745] Warning: could not find client_script `vehicle_names.lua` (defined in __resource.lua:17)
[resources:bmw745:str] Asset bmw745/745le.yft uses 21.8 MiB of virtual memory.
[resources:bmw745:str] Asset bmw745/745le.ytd uses 30.5 MiB of physical memory.
[resources:bmw745:str] Asset bmw745/745le_hi.yft uses 21.8 MiB of virtual memory.
[           resources] Started resource bmw745 (4 warnings)
[    resources:cayene] Warning: could not find client_script `vehicle_names.lua` (defined in __resource.lua:17)
[resources:cayene:str] Asset cayene/pcs18.yft uses 28.2 MiB of virtual memory.
[resources:cayene:str] Asset cayene/pcs18.ytd uses 16.8 MiB of physical memory.
[resources:cayene:str] Asset cayene/pcs18_hi.yft uses 28.2 MiB of virtual memory.
[           resources] Started resource cayene (4 warnings)
[       resources:m4c] Warning: could not find file `vehiclelayouts.meta` (defined in __resource.lua:3)
[resources:m4c:stream] Asset m4c/m4c.yft uses 31.1 MiB of virtual memory.
[resources:m4c:stream] Asset m4c/m4c.ytd uses 64.0 MiB of physical memory. Oversized assets can and WILL lead to streaming issues (such as models not loading/rendering).
[resources:m4c:stream] Asset m4c/m4c_hi.yft uses 31.1 MiB of virtual memory.
[           resources] Started resource m4c (4 warnings)
[   script:mapmanager] [0mStarted map fivem-map-skater
[           resources] Started resource fivem-map-skater
[      script:oxmysql] Unable to establish a connection to the database (ER_BAD_DB_ERROR)!
[      script:oxmysql] Error 1049: Unknown database 'qbcoreframework_1ecce5'
[ citizen-server-impl]         fff                          
[ citizen-server-impl]   cccc ff   xx  xx     rr rr    eee  
[ citizen-server-impl] cc     ffff   xx       rrr  r ee   e 
[ citizen-server-impl] cc     ff     xx   ... rr     eeeee  
[ citizen-server-impl]  ccccc ff   xx  xx ... rr      eeeee 
[ citizen-server-impl]                                      
[ citizen-server-impl] [32mAuthenticated with cfx.re Nucleus: https://grinmord-bzk5p4.users.cfx.re/
[      script:oxmysql] An update is available for oxmysql (current version: 2.8.0)
[      script:oxmysql] https://github.com/overextended/oxmysql/releases/tag/v2.9.1
[      script:oxmysql] Unable to establish a connection to the database (ER_BAD_DB_ERROR)!
[      script:oxmysql] Error 1049: Unknown database 'qbcoreframework_1ecce5'
[      script:oxmysql] Unable to establish a connection to the database (ER_BAD_DB_ERROR)!
[      script:oxmysql] Error 1049: Unknown database 'qbcoreframework_1ecce5'
[ script:connectqueue] QUEUE: TREKFLAX[license:b3beb1fb1227c9b746b4c1d1f311e378a1cb61a9] was placed 1/1 in queue
[ script:connectqueue] QUEUE: TREKFLAX[license:b3beb1fb1227c9b746b4c1d1f311e378a1cb61a9] is loading into the server
[      script:oxmysql] Unable to establish a connection to the database (ER_BAD_DB_ERROR)!
[      script:oxmysql] Error 1049: Unknown database 'qbcoreframework_1ecce5'
[      script:oxmysql] Unable to establish a connection to the database (ER_BAD_DB_ERROR)!
[      script:oxmysql] Error 1049: Unknown database 'qbcoreframework_1ecce5'
[      script:oxmysql] Unable to establish a connection to the database (ER_BAD_DB_ERROR)!
[      script:oxmysql] Error 1049: Unknown database 'qbcoreframework_1ecce5'
[      script:oxmysql] Unable to establish a connection to the database (ER_BAD_DB_ERROR)!
[      script:oxmysql] Error 1049: Unknown database 'qbcoreframework_1ecce5'
[ citizen-server-impl] Server list query returned an error: System.Threading.Tasks.TaskCanceledException: A task was canceled. <- System.TimeoutException: A task was canceled. <- System.Threading.Tasks.TaskCanceledException: The request was canceled due to the configured HttpClient.Timeout of 30 seconds elapsing.
[      script:oxmysql] Unable to establish a connection to the database (ER_BAD_DB_ERROR)!
[      script:oxmysql] Error 1049: Unknown database 'qbcoreframework_1ecce5'
[      script:oxmysql] Unable to establish a connection to the database (ER_BAD_DB_ERROR)!
[      script:oxmysql] Error 1049: Unknown database 'qbcoreframework_1ecce5'
[      script:oxmysql] Unable to establish a connection to the database (ER_BAD_DB_ERROR)!
[      script:oxmysql] Error 1049: Unknown database 'qbcoreframework_1ecce5'
[      script:oxmysql] Unable to establish a connection to the database (ER_BAD_DB_ERROR)!
[      script:oxmysql] Error 1049: Unknown database 'qbcoreframework_1ecce5'
[      script:oxmysql] Unable to establish a connection to the database (ER_BAD_DB_ERROR)!
[      script:oxmysql] Error 1049: Unknown database 'qbcoreframework_1ecce5'
[ citizen-server-impl] Server list query returned an error: System.Net.Sockets.SocketException: Connection refused <- System.Net.Http.HttpRequestException: Connection refused (212.231.121.165:45840)
[      script:oxmysql] Unable to establish a connection to the database (ER_BAD_DB_ERROR)!
[      script:oxmysql] Error 1049: Unknown database 'qbcoreframework_1ecce5'
[      script:oxmysql] Unable to establish a connection to the database (ER_BAD_DB_ERROR)!
[      script:oxmysql] Error 1049: Unknown database 'qbcoreframework_1ecce5'
[      script:oxmysql] Unable to establish a connection to the database (ER_BAD_DB_ERROR)!
[      script:oxmysql] Error 1049: Unknown database 'qbcoreframework_1ecce5'
[      script:oxmysql] Unable to establish a connection to the database (ER_BAD_DB_ERROR)!
[      script:oxmysql] Error 1049: Unknown database 'qbcoreframework_1ecce5'
[      script:oxmysql] Unable to establish a connection to the database (ER_BAD_DB_ERROR)!
[      script:oxmysql] Error 1049: Unknown database 'qbcoreframework_1ecce5'
[      script:oxmysql] Unable to establish a connection to the database (ER_BAD_DB_ERROR)!
[      script:oxmysql] Error 1049: Unknown database 'qbcoreframework_1ecce5'
[ citizen-server-impl] Server list query returned an error: System.Net.Sockets.SocketException: Connection refused <- System.Net.Http.HttpRequestException: Connection refused (212.231.121.165:45840)
[      script:oxmysql] Unable to establish a connection to the database (ER_BAD_DB_ERROR)!
[      script:oxmysql] Error 1049: Unknown database 'qbcoreframework_1ecce5'
[ script:connectqueue] QUEUE: [97mTREKFLAX[license:b3beb1fb1227c9b746b4c1d1f311e378a1cb61a9] was removed from the connecting queue because they timed out
[ script:connectqueue] QUEUE: TREKFLAX[license:b3beb1fb1227c9b746b4c1d1f311e378a1cb61a9] was placed 1/1 in queue
[ script:connectqueue] QUEUE: TREKFLAX[license:b3beb1fb1227c9b746b4c1d1f311e378a1cb61a9] is loading into the server
[      script:oxmysql] Unable to establish a connection to the database (ER_BAD_DB_ERROR)!
[      script:oxmysql] Error 1049: Unknown database 'qbcoreframework_1ecce5'
> txaEvent "serverShuttingDown" "{＂delay＂:5000,＂author＂:＂GRINMORD＂,＂message＂:＂Server restarting (requested by GRINMORD).＂}"
[      script:monitor] [txAdmin] Server shutdown imminent. Kicking all players.

================================================================
======== FXServer Starting - 19/4/2024 18:18:37                 
================================================================
[           resources] Scanning resources.
[           resources] Found 103 resources.
[          svadhesive] Authenticating server license key...
[          svadhesive] Server license key authentication succeeded. Welcome!
[    c-scripting-core] Creating script environments for sessionmanager
[           resources] Started resource sessionmanager
[    c-scripting-core] Creating script environments for monitor
[      script:monitor] [txAdmin] Resource v7.1.0 threads and commands set up. All Ready.
[           resources] Started resource monitor
[    c-scripting-core] Creating script environments for mapmanager
[           resources] Started resource mapmanager
[    c-scripting-core] Creating script environments for yarn
[           resources] Started resource yarn
[    c-scripting-core] Creating script environments for webpack
[           resources] Started resource webpack
[    c-scripting-core] Creating script environments for chat
[           resources] Started resource chat
[           resources] Started resource spawnmanager
[   script:mapmanager] Started gametype Freeroam
[           resources] Started resource basic-gamemode
[    c-scripting-core] Creating script environments for hardcap
[           resources] Started resource hardcap
[    c-scripting-core] [0mCreating script environments for baseevents
[           resources] Started resource baseevents
[    c-scripting-core] Creating script environments for oxmysql
[           resources] Started resource oxmysql
[    c-scripting-core] Creating script environments for qb-core
[      script:qb-core] Warning: Missing phrase for key: "command.dvall.help"
[      script:qb-core] Warning: Missing phrase for key: "command.dvp.help"
[      script:qb-core] Warning: Missing phrase for key: "command.dvo.help"
[           resources] Started resource qb-core
[           resources] [93mStarted resource menuv
[    c-scripting-core] Creating script environments for qb-adminmenu
[           resources] Started resource qb-adminmenu
[    c-scripting-core] Creating script environments for qb-ambulancejob
[script:qb-ambulancej] Warning: Missing phrase for key: "info.paleto_hospital"
[           resources] Started resource qb-ambulancejob
[           resources] Started resource qb-interior
[    c-scripting-core] Creating script environments for qb-clothing
[           resources] Started resource qb-clothing
[    c-scripting-core] Creating script environments for qb-weathersync
[           resources] Started resource qb-weathersync
[    c-scripting-core] Creating script environments for qb-apartments
[           resources] [93mStarted resource qb-apartments
[    c-scripting-core] Creating script environments for qb-banking
[           resources] Started resource qb-banking
[    c-scripting-core] Creating script environments for PolyZone
[           resources] Started resource PolyZone
[    c-scripting-core] Creating script environments for qb-bankrobbery
[           resources] Started resource qb-bankrobbery
[    c-scripting-core] Creating script environments for qb-busjob
[           resources] Started resource qb-busjob
[    c-scripting-core] Creating script environments for qb-cityhall
[           resources] Started resource qb-cityhall
[           resources] Started resource qb-minigames
[    c-scripting-core] [0mCreating script environments for qb-crypto
[           resources] Started resource qb-crypto
[    c-scripting-core] Creating script environments for qb-diving
[           resources] Started resource qb-diving
[    c-scripting-core] Creating script environments for qb-doorlock
[           resources] Started resource qb-doorlock
[    c-scripting-core] Creating script environments for qb-drugs
[           resources] Started resource qb-drugs
[    c-scripting-core] Creating script environments for qb-fitbit
[           resources] Started resource qb-fitbit
[    c-scripting-core] Creating script environments for qb-garages
[           resources] Started resource qb-garages
[    c-scripting-core] Creating script environments for qb-garbagejob
[           resources] Started resource qb-garbagejob
[    c-scripting-core] Creating script environments for qb-hotdogjob
[           resources] Started resource qb-hotdogjob
[    c-scripting-core] [0mCreating script environments for qb-houserobbery
[           resources] Started resource qb-houserobbery
[    c-scripting-core] Creating script environments for qb-houses
[           resources] Started resource qb-houses
[    c-scripting-core] [0mCreating script environments for qb-hud
[           resources] Started resource qb-hud
[           resources] Started resource qb-input
[    c-scripting-core] Creating script environments for qb-weapons
[           resources] Started resource qb-weapons
[    c-scripting-core] Creating script environments for qb-inventory
[           resources] Started resource qb-inventory
[    c-scripting-core] Creating script environments for qb-jewelery
[           resources] Started resource qb-jewelery
[    c-scripting-core] Creating script environments for qb-lapraces
[           resources] Started resource qb-lapraces
[           resources] Started resource qb-loading
[    c-scripting-core] [0mCreating script environments for qb-management
[           resources] Started resource qb-management
[    c-scripting-core] Creating script environments for qb-mechanicjob
[           resources] Started resource qb-mechanicjob
[           resources] Started resource qb-menu
[    c-scripting-core] Creating script environments for qb-spawn
[           resources] Started resource qb-spawn
[    c-scripting-core] Creating script environments for qb-multicharacter
[           resources] Started resource qb-multicharacter
[    c-scripting-core] Creating script environments for qb-newsjob
[           resources] Started resource qb-newsjob
[    c-scripting-core] Creating script environments for qb-pawnshop
[           resources] Started resource qb-pawnshop
[    c-scripting-core] [93mCreating script environments for qb-phone
[           resources] Started resource qb-phone
[    c-scripting-core] Creating script environments for qb-policejob
[           resources] Started resource qb-policejob
[    c-scripting-core] Creating script environments for qb-prison
[           resources] Started resource qb-prison
[    c-scripting-core] Creating script environments for qb-radialmenu
[           resources] [93mStarted resource qb-radialmenu
[    c-scripting-core] Creating script environments for qb-recyclejob
[           resources] Started resource qb-recyclejob
[    c-scripting-core] [0mCreating script environments for qb-scoreboard
[           resources] Started resource qb-scoreboard
[    c-scripting-core] Creating script environments for qb-scrapyard
[           resources] Started resource qb-scrapyard
[    c-scripting-core] Creating script environments for qb-shops
[           resources] Started resource qb-shops
[    c-scripting-core] [0mCreating script environments for qb-smallresources
[           resources] Started resource qb-smallresources
[    c-scripting-core] Creating script environments for qb-storerobbery
[           resources] Started resource qb-storerobbery
[    c-scripting-core] Creating script environments for qb-streetraces
[           resources] Started resource qb-streetraces
[           resources] Started resource qb-target
[    c-scripting-core] Creating script environments for qb-taxijob
[           resources] Started resource qb-taxijob
[    c-scripting-core] Creating script environments for qb-towjob
[           resources] Started resource qb-towjob
[    c-scripting-core] Creating script environments for qb-traphouse
[           resources] Started resource qb-traphouse
[    c-scripting-core] [93mCreating script environments for qb-truckerjob
[           resources] Started resource qb-truckerjob
[    c-scripting-core] Creating script environments for qb-truckrobbery
[           resources] Started resource qb-truckrobbery
[    c-scripting-core] Creating script environments for qb-vehiclekeys
[           resources] Started resource qb-vehiclekeys
[    c-scripting-core] Creating script environments for qb-vehiclesales
[           resources] Started resource qb-vehiclesales
[    c-scripting-core] Creating script environments for qb-vehicleshop
[           resources] Started resource qb-vehicleshop
[    c-scripting-core] Creating script environments for qb-vineyard
[           resources] Started resource qb-vineyard
[    c-scripting-core] Creating script environments for qb-weed
[           resources] Started resource qb-weed
[    c-scripting-core] Creating script environments for LegacyFuel
[           resources] Started resource LegacyFuel
[           resources] Started resource bob74_ipl
[    c-scripting-core] Creating script environments for connectqueue
[ script:connectqueue] QUEUE:  [connectqueue] Disabling hardcap 
[           resources] Stopping resource hardcap
[           resources] Started resource connectqueue
[    c-scripting-core] Creating script environments for interact-sound
[           resources] Started resource interact-sound
[           resources] Started resource progressbar
[           resources] Started resource safecracker
[    c-scripting-core] Creating script environments for screenshot-basic
[           resources] Started resource screenshot-basic
[    c-scripting-core] Creating script environments for pma-voice
[           resources] Started resource pma-voice
[    c-scripting-core] Creating script environments for qb-radio
[           resources] Started resource qb-radio
[           resources] Started resource dealer_map
[           resources] Started resource hospital_map
[           resources] Started resource prison_canteen
[resources:prison_mai] Asset prison_main/desertos_prison.ytd uses 30.5 MiB of physical memory.
[           resources] Started resource prison_main (1 warning)
[           resources] Started resource prison_meeting
[    resources:bmw745] Warning: could not find client_script `vehicle_names.lua` (defined in __resource.lua:17)
[resources:bmw745:str] Asset bmw745/745le.yft uses 21.8 MiB of virtual memory.
[resources:bmw745:str] Asset bmw745/745le.ytd uses 30.5 MiB of physical memory.
[38;5;143m[resources:bmw745:str] Asset bmw745/745le_hi.yft uses 21.8 MiB of virtual memory.
[           resources] Started resource bmw745 (4 warnings)
[    resources:cayene] Warning: could not find client_script `vehicle_names.lua` (defined in __resource.lua:17)
[resources:cayene:str] Asset cayene/pcs18.yft uses 28.2 MiB of virtual memory.
[resources:cayene:str] Asset cayene/pcs18.ytd uses 16.8 MiB of physical memory.
[resources:cayene:str] Asset cayene/pcs18_hi.yft uses 28.2 MiB of virtual memory.
[           resources] Started resource cayene (4 warnings)
[       resources:m4c] Warning: could not find file `vehiclelayouts.meta` (defined in __resource.lua:3)
[resources:m4c:stream] Asset m4c/m4c.yft uses 31.1 MiB of virtual memory.
[resources:m4c:stream] Asset m4c/m4c.ytd uses 64.0 MiB of physical memory. Oversized assets can and WILL lead to streaming issues (such as models not loading/rendering).
[resources:m4c:stream] Asset m4c/m4c_hi.yft uses 31.1 MiB of virtual memory.
[           resources] Started resource m4c (4 warnings)
[   script:mapmanager] Started map fivem-map-hipster
[           resources] Started resource fivem-map-hipster
[      script:oxmysql] Unable to establish a connection to the database (ER_BAD_DB_ERROR)!
[38;5;42m[      script:oxmysql] Error 1049: Unknown database 'qbcoreframework_1ecce5'
[ citizen-server-impl]         fff                          
[ citizen-server-impl]   cccc ff   xx  xx     rr rr    eee  
[ citizen-server-impl] cc     ffff   xx       rrr  r ee   e 
[ citizen-server-impl] cc     ff     xx   ... rr     eeeee  
[ citizen-server-impl]  ccccc ff   xx  xx ... rr      eeeee 
[ citizen-server-impl]                                      
[ citizen-server-impl] Authenticated with cfx.re Nucleus: https://grinmord-bzk5p4.users.cfx.re/
[      script:oxmysql] An update is available for oxmysql (current version: 2.8.0)
[      script:oxmysql] https://github.com/overextended/oxmysql/releases/tag/v2.9.1
[ script:connectqueue] QUEUE: TREKFLAX[license:b3beb1fb1227c9b746b4c1d1f311e378a1cb61a9] was placed 1/1 in queue
[ script:connectqueue] QUEUE: TREKFLAX[license:b3beb1fb1227c9b746b4c1d1f311e378a1cb61a9] is loading into the server
[      script:oxmysql] Unable to establish a connection to the database (ER_BAD_DB_ERROR)!
[      script:oxmysql] Error 1049: Unknown database 'qbcoreframework_1ecce5'
[      script:oxmysql] Unable to establish a connection to the database (ER_BAD_DB_ERROR)!
[      script:oxmysql] Error 1049: Unknown database 'qbcoreframework_1ecce5'
[      script:oxmysql] Unable to establish a connection to the database (ER_BAD_DB_ERROR)!
[      script:oxmysql] Error 1049: Unknown database 'qbcoreframework_1ecce5'
[ script:connectqueue] [0mQUEUE: TREKFLAX[license:b3beb1fb1227c9b746b4c1d1f311e378a1cb61a9] was placed 1/1 in queue
[      script:oxmysql] Unable to establish a connection to the database (ER_BAD_DB_ERROR)!
[      script:oxmysql] Error 1049: Unknown database 'qbcoreframework_1ecce5'
[ script:connectqueue] QUEUE: TREKFLAX[license:b3beb1fb1227c9b746b4c1d1f311e378a1cb61a9] was placed 1/1 in queue
[      script:oxmysql] Unable to establish a connection to the database (ER_BAD_DB_ERROR)!
[      script:oxmysql] Error 1049: Unknown database 'qbcoreframework_1ecce5'
[ citizen-server-impl] Server list query returned an error: System.Net.Sockets.SocketException: Connection refused <- System.Net.Http.HttpRequestException: Connection refused (212.231.121.165:45840)
[      script:oxmysql] Unable to establish a connection to the database (ER_BAD_DB_ERROR)!
[      script:oxmysql] Error 1049: Unknown database 'qbcoreframework_1ecce5'
[ script:connectqueue] [93mQUEUE: TREKFLAX[license:b3beb1fb1227c9b746b4c1d1f311e378a1cb61a9] was placed 1/1 in queue
[      script:oxmysql] Unable to establish a connection to the database (ER_BAD_DB_ERROR)!
[      script:oxmysql] Error 1049: Unknown database 'qbcoreframework_1ecce5'
[ script:connectqueue] QUEUE: TREKFLAX[license:b3beb1fb1227c9b746b4c1d1f311e378a1cb61a9] was placed 1/1 in queue
> txaEvent "whitelistRequest" "{＂action＂:＂requested＂,＂playerName＂:＂davidman¦＂,＂requestId＂:＂R6J8L＂,＂license＂:＂04bb2fb6e5e2b24c1dc9e00c805e200c140e724e＂}"
[ script:connectqueue] QUEUE: ~u~ david~r~man¦[license:04bb2fb6e5e2b24c1dc9e00c805e200c140e724e] was placed 1/1 in queue
[ script:connectqueue] QUEUE: ~u~ david~r~man¦[license:04bb2fb6e5e2b24c1dc9e00c805e200c140e724e] is loading into the server
> txaEvent "whitelistRequest" "{＂action＂:＂approved＂,＂playerName＂:＂davidman¦＂,＂requestId＂:＂R6J8L＂,＂license＂:＂04bb2fb6e5e2b24c1dc9e00c805e200c140e724e＂,＂adminName＂:＂GRINMORD＂}"
[      script:oxmysql] Unable to establish a connection to the database (ER_BAD_DB_ERROR)!
[      script:oxmysql] Error 1049: Unknown database 'qbcoreframework_1ecce5'
[ script:connectqueue] QUEUE: ~u~ david~r~man¦[license:04bb2fb6e5e2b24c1dc9e00c805e200c140e724e] was placed 1/1 in queue
> txaEvent "whitelistPreApproval" "{＂action＂:＂added＂,＂identifier＂:＂discord:726585674756522077＂,＂playerName＂:＂discord...56522077＂,＂adminName＂:＂GRINMORD＂}"
[      script:oxmysql] Unable to establish a connection to the database (ER_BAD_DB_ERROR)!
[      script:oxmysql] Error 1049: Unknown database 'qbcoreframework_1ecce5'
[ script:connectqueue] QUEUE: TREKFLAX[license:b3beb1fb1227c9b746b4c1d1f311e378a1cb61a9] was placed 1/1 in queue
[ script:connectqueue] QUEUE: ~u~ david~r~man¦[license:04bb2fb6e5e2b24c1dc9e00c805e200c140e724e] was placed 1/1 in queue
> txaEvent "serverShuttingDown" "{＂delay＂:5000,＂author＂:＂GRINMORD＂,＂message＂:＂Server restarting (requested by GRINMORD).＂}"
[      script:monitor] [txAdmin] Server shutdown imminent. Kicking all players.

================================================================
======== FXServer Starting - 19/4/2024 18:23:41                 
================================================================
[           resources] Scanning resources.
[           resources] Found 103 resources.
[          svadhesive] Authenticating server license key...
[          svadhesive] Server license key authentication succeeded. Welcome!
[    c-scripting-core] Creating script environments for sessionmanager
[           resources] Started resource sessionmanager
[    c-scripting-core] Creating script environments for monitor
[      script:monitor] [txAdmin] Resource v7.1.0 threads and commands set up. All Ready.
[           resources] Started resource monitor
[    c-scripting-core] Creating script environments for mapmanager
[           resources] Started resource mapmanager
[    c-scripting-core] Creating script environments for yarn
[           resources] Started resource yarn
[    c-scripting-core] Creating script environments for webpack
[           resources] Started resource webpack
[    c-scripting-core] Creating script environments for chat
[           resources] Started resource chat
[           resources] Started resource spawnmanager
[   script:mapmanager] Started gametype Freeroam
[           resources] Started resource basic-gamemode
[    c-scripting-core] Creating script environments for hardcap
[           resources] Started resource hardcap
[    c-scripting-core] Creating script environments for baseevents
[           resources] Started resource baseevents
[    c-scripting-core] Creating script environments for oxmysql
[           resources] Started resource oxmysql
[    c-scripting-core] Creating script environments for qb-core
[      script:qb-core] Warning: Missing phrase for key: "command.dvall.help"
[      script:qb-core] Warning: Missing phrase for key: "command.dvp.help"
[      script:qb-core] Warning: Missing phrase for key: "command.dvo.help"
[           resources] Started resource qb-core
[           resources] Started resource menuv
[    c-scripting-core] Creating script environments for qb-adminmenu
[           resources] Started resource qb-adminmenu
[    c-scripting-core] Creating script environments for qb-ambulancejob
[script:qb-ambulancej] Warning: Missing phrase for key: "info.paleto_hospital"
[           resources] Started resource qb-ambulancejob
[           resources] Started resource qb-interior
[    c-scripting-core] Creating script environments for qb-clothing
[           resources] Started resource qb-clothing
[    c-scripting-core] Creating script environments for qb-weathersync
[           resources] Started resource qb-weathersync
[    c-scripting-core] [0mCreating script environments for qb-apartments
[           resources] Started resource qb-apartments
[    c-scripting-core] Creating script environments for qb-banking
[           resources] Started resource qb-banking
[    c-scripting-core] Creating script environments for PolyZone
[           resources] [0mStarted resource PolyZone
[    c-scripting-core] Creating script environments for qb-bankrobbery
[           resources] Started resource qb-bankrobbery
[    c-scripting-core] Creating script environments for qb-busjob
[           resources] Started resource qb-busjob
[    c-scripting-core] Creating script environments for qb-cityhall
[           resources] Started resource qb-cityhall
[           resources] Started resource qb-minigames
[    c-scripting-core] Creating script environments for qb-crypto
[           resources] Started resource qb-crypto
[    c-scripting-core] [93mCreating script environments for qb-diving
[           resources] Started resource qb-diving
[    c-scripting-core] Creating script environments for qb-doorlock
[           resources] Started resource qb-doorlock
[    c-scripting-core] Creating script environments for qb-drugs
[           resources] Started resource qb-drugs
[    c-scripting-core] Creating script environments for qb-fitbit
[           resources] Started resource qb-fitbit
[    c-scripting-core] Creating script environments for qb-garages
[           resources] Started resource qb-garages
[    c-scripting-core] Creating script environments for qb-garbagejob
[           resources] [93mStarted resource qb-garbagejob
[    c-scripting-core] Creating script environments for qb-hotdogjob
[           resources] Started resource qb-hotdogjob
[    c-scripting-core] Creating script environments for qb-houserobbery
[           resources] Started resource qb-houserobbery
[    c-scripting-core] Creating script environments for qb-houses
[           resources] Started resource qb-houses
[    c-scripting-core] Creating script environments for qb-hud
[           resources] Started resource qb-hud
[           resources] Started resource qb-input
[    c-scripting-core] Creating script environments for qb-weapons
[           resources] Started resource qb-weapons
[    c-scripting-core] Creating script environments for qb-inventory
[           resources] Started resource qb-inventory
[    c-scripting-core] Creating script environments for qb-jewelery
[           resources] Started resource qb-jewelery
[    c-scripting-core] Creating script environments for qb-lapraces
[           resources] Started resource qb-lapraces
[           resources] Started resource qb-loading
[    c-scripting-core] Creating script environments for qb-management
[           resources] Started resource qb-management
[    c-scripting-core] Creating script environments for qb-mechanicjob
[           resources] Started resource qb-mechanicjob
[           resources] Started resource qb-menu
[    c-scripting-core] Creating script environments for qb-spawn
[           resources] Started resource qb-spawn
[    c-scripting-core] Creating script environments for qb-multicharacter
[           resources] Started resource qb-multicharacter
[    c-scripting-core] Creating script environments for qb-newsjob
[           resources] Started resource qb-newsjob
[    c-scripting-core] Creating script environments for qb-pawnshop
[38;5;83m[           resources] Started resource qb-pawnshop
[    c-scripting-core] Creating script environments for qb-phone
[           resources] Started resource qb-phone
[    c-scripting-core] Creating script environments for qb-policejob
[           resources] [93mStarted resource qb-policejob
[    c-scripting-core] Creating script environments for qb-prison
[           resources] Started resource qb-prison
[    c-scripting-core] Creating script environments for qb-radialmenu
[           resources] Started resource qb-radialmenu
[    c-scripting-core] Creating script environments for qb-recyclejob
[           resources] Started resource qb-recyclejob
[    c-scripting-core] Creating script environments for qb-scoreboard
[           resources] Started resource qb-scoreboard
[    c-scripting-core] Creating script environments for qb-scrapyard
[           resources] Started resource qb-scrapyard
[    c-scripting-core] Creating script environments for qb-shops
[           resources] Started resource qb-shops
[    c-scripting-core] Creating script environments for qb-smallresources
[           resources] Started resource qb-smallresources
[    c-scripting-core] Creating script environments for qb-storerobbery
[           resources] Started resource qb-storerobbery
[    c-scripting-core] Creating script environments for qb-streetraces
[           resources] Started resource qb-streetraces
[           resources] Started resource qb-target
[    c-scripting-core] Creating script environments for qb-taxijob
[           resources] Started resource qb-taxijob
[    c-scripting-core] Creating script environments for qb-towjob
[           resources] Started resource qb-towjob
[    c-scripting-core] Creating script environments for qb-traphouse
[           resources] Started resource qb-traphouse
[    c-scripting-core] Creating script environments for qb-truckerjob
[           resources] Started resource qb-truckerjob
[    c-scripting-core] Creating script environments for qb-truckrobbery
[           resources] Started resource qb-truckrobbery
[    c-scripting-core] [93mCreating script environments for qb-vehiclekeys
[           resources] [93mStarted resource qb-vehiclekeys
[    c-scripting-core] Creating script environments for qb-vehiclesales
[           resources] Started resource qb-vehiclesales
[    c-scripting-core] Creating script environments for qb-vehicleshop
[           resources] Started resource qb-vehicleshop
[    c-scripting-core] Creating script environments for qb-vineyard
[           resources] Started resource qb-vineyard
[    c-scripting-core] Creating script environments for qb-weed
[           resources] [0mStarted resource qb-weed
[    c-scripting-core] [93mCreating script environments for LegacyFuel
[           resources] Started resource LegacyFuel
[           resources] Started resource bob74_ipl
[    c-scripting-core] Creating script environments for connectqueue
[ script:connectqueue] QUEUE:  [connectqueue] Disabling hardcap 
[           resources] Stopping resource hardcap
[           resources] Started resource connectqueue
[    c-scripting-core] Creating script environments for interact-sound
[           resources] Started resource interact-sound
[           resources] Started resource progressbar
[           resources] Started resource safecracker
[    c-scripting-core] Creating script environments for screenshot-basic
[           resources] Started resource screenshot-basic
[    c-scripting-core] Creating script environments for pma-voice
[           resources] Started resource pma-voice
[    c-scripting-core] Creating script environments for qb-radio
[           resources] Started resource qb-radio
[           resources] Started resource dealer_map
[           resources] Started resource hospital_map
[           resources] Started resource prison_canteen
[resources:prison_mai] Asset prison_main/desertos_prison.ytd uses 30.5 MiB of physical memory.
[           resources] Started resource prison_main (1 warning)
[           resources] Started resource prison_meeting
[    resources:bmw745] Warning: could not find client_script `vehicle_names.lua` (defined in __resource.lua:17)
[resources:bmw745:str] Asset bmw745/745le.yft uses 21.8 MiB of virtual memory.
[resources:bmw745:str] Asset bmw745/745le.ytd uses 30.5 MiB of physical memory.
[resources:bmw745:str] Asset bmw745/745le_hi.yft uses 21.8 MiB of virtual memory.
[           resources] Started resource bmw745 (4 warnings)
[    resources:cayene] Warning: could not find client_script `vehicle_names.lua` (defined in __resource.lua:17)
[resources:cayene:str] Asset cayene/pcs18.yft uses 28.2 MiB of virtual memory.
[resources:cayene:str] Asset cayene/pcs18.ytd uses 16.8 MiB of physical memory.
[resources:cayene:str] Asset cayene/pcs18_hi.yft uses 28.2 MiB of virtual memory.
[           resources] Started resource cayene (4 warnings)
[       resources:m4c] Warning: could not find file `vehiclelayouts.meta` (defined in __resource.lua:3)
[resources:m4c:stream] Asset m4c/m4c.yft uses 31.1 MiB of virtual memory.
[resources:m4c:stream] Asset m4c/m4c.ytd uses 64.0 MiB of physical memory. Oversized assets can and WILL lead to streaming issues (such as models not loading/rendering).
[resources:m4c:stream] Asset m4c/m4c_hi.yft uses 31.1 MiB of virtual memory.
[           resources] Started resource m4c (4 warnings)
[   script:mapmanager] Started map fivem-map-hipster
[           resources] Started resource fivem-map-hipster
[      script:oxmysql] Unable to establish a connection to the database (ER_BAD_DB_ERROR)!
[      script:oxmysql] Error 1049: Unknown database 'qbcoreframework_1ecce5'
[ citizen-server-impl]         fff                          
[ citizen-server-impl]   cccc ff   xx  xx     rr rr    eee  
[ citizen-server-impl] cc     ffff   xx       rrr  r ee   e 
[ citizen-server-impl] cc     ff     xx   ... rr     eeeee  
[ citizen-server-impl]  ccccc ff   xx  xx ... rr      eeeee 
[ citizen-server-impl]                                      
[ citizen-server-impl] Authenticated with cfx.re Nucleus: https://grinmord-bzk5p4.users.cfx.re/
[      script:oxmysql] An update is available for oxmysql (current version: 2.8.0)
[      script:oxmysql] https://github.com/overextended/oxmysql/releases/tag/v2.9.1
[ script:connectqueue] QUEUE: ~u~ david~r~man¦[license:04bb2fb6e5e2b24c1dc9e00c805e200c140e724e] was placed 1/1 in queue
> setr "txAdmin-locale" "es"
> set "txAdmin-localeFile" "D:\TESTSERVER\txData\locale.json"
> setr "txAdmin-verbose" "false"
> set "txAdmin-checkPlayerJoin" "true"
> set "txAdmin-menuAlignRight" "false"
> set "txAdmin-menuPageKey" "Tab"
> set "txAdmin-hideDefaultAnnouncement" "false"
> set "txAdmin-hideDefaultDirectMessage" "false"
> set "txAdmin-hideDefaultWarning" "false"
> set "txAdmin-hideDefaultScheduledRestartWarning" "false"
> txaEvent "configChanged" "{}"
[ script:connectqueue] QUEUE: ~u~ david~r~man¦[license:04bb2fb6e5e2b24c1dc9e00c805e200c140e724e] is loading into the server
[      script:oxmysql] Unable to establish a connection to the database (ER_BAD_DB_ERROR)!
[      script:oxmysql] Error 1049: Unknown database 'qbcoreframework_1ecce5'
[      script:oxmysql] Unable to establish a connection to the database (ER_BAD_DB_ERROR)!
[      script:oxmysql] Error 1049: Unknown database 'qbcoreframework_1ecce5'
> txaEvent "serverShuttingDown" "{＂delay＂:5000,＂author＂:＂GRINMORD＂,＂message＂:＂Apagando el servidor: (resetting fxserver config).＂}"
[      script:monitor] [txAdmin] Server shutdown imminent. Kicking all players.

================================================================
======== FXServer Starting - 19/4/2024 18:30:11                 
================================================================
[           resources] Scanning resources.
[           resources] Found 100 resources.
[          svadhesive] Authenticating server license key...
[          svadhesive] Server license key authentication succeeded. Welcome!
[    c-scripting-core] Creating script environments for sessionmanager
[           resources] Started resource sessionmanager
[    c-scripting-core] Creating script environments for monitor
[      script:monitor] [txAdmin] Resource v7.1.0 threads and commands set up. All Ready.
[           resources] Started resource monitor
[    c-scripting-core] [97mCreating script environments for mapmanager
[           resources] Started resource mapmanager
[    c-scripting-core] Creating script environments for yarn
[           resources] Started resource yarn
[ citizen-server-impl] Running build tasks on resource webpack - it'll restart once completed.
[    c-resources-core] Could not start dependency webpack for resource chat.
[ citizen-server-impl] Couldn't start resource chat.
[           resources] Started resource spawnmanager
[   script:mapmanager] Started gametype Freeroam
[           resources] Started resource basic-gamemode
[    c-scripting-core] Creating script environments for hardcap
[           resources] Started resource hardcap
[    c-scripting-core] Creating script environments for baseevents
[           resources] Started resource baseevents
[    c-scripting-core] Creating script environments for oxmysql
[           resources] Started resource oxmysql
[    c-scripting-core] Creating script environments for qb-core
[           resources] Started resource qb-core
[           resources] Started resource menuv
[    c-scripting-core] Creating script environments for qb-adminmenu
[           resources] Started resource qb-adminmenu
[    c-scripting-core] Creating script environments for qb-ambulancejob
[           resources] Started resource qb-ambulancejob
[           resources] Started resource qb-interior
[    c-scripting-core] Creating script environments for qb-clothing
[           resources] Started resource qb-clothing
[    c-scripting-core] Creating script environments for qb-weathersync
[           resources] Started resource qb-weathersync
[    c-scripting-core] Creating script environments for qb-apartments
[           resources] Started resource qb-apartments
[    c-scripting-core] Creating script environments for qb-banking
[           resources] Started resource qb-banking
[    c-scripting-core] Creating script environments for PolyZone
[           resources] Started resource PolyZone
[    c-scripting-core] Creating script environments for qb-bankrobbery
[           resources] Started resource qb-bankrobbery
[    c-scripting-core] Creating script environments for qb-busjob
[           resources] Started resource qb-busjob
[    c-scripting-core] Creating script environments for qb-cityhall
[           resources] Started resource qb-cityhall
[           resources] Started resource qb-minigames
[    c-scripting-core] Creating script environments for qb-crypto
[           resources] Started resource qb-crypto
[    c-scripting-core] Creating script environments for qb-diving
[           resources] Started resource qb-diving
[    c-scripting-core] Creating script environments for qb-doorlock
[           resources] Started resource qb-doorlock
[    c-scripting-core] Creating script environments for qb-drugs
[           resources] Started resource qb-drugs
[    c-scripting-core] Creating script environments for qb-fitbit
[           resources] Started resource qb-fitbit
[    c-scripting-core] Creating script environments for qb-garages
[           resources] Started resource qb-garages
[    c-scripting-core] Creating script environments for qb-garbagejob
[           resources] Started resource qb-garbagejob
[    c-scripting-core] Creating script environments for qb-hotdogjob
[           resources] Started resource qb-hotdogjob
[    c-scripting-core] Creating script environments for qb-houserobbery
[           resources] Started resource qb-houserobbery
[    c-scripting-core] Creating script environments for qb-houses
[           resources] [0mStarted resource qb-houses
[    c-scripting-core] Creating script environments for qb-hud
[           resources] Started resource qb-hud
[           resources] Started resource qb-input
[    c-scripting-core] [0mCreating script environments for qb-weapons
[           resources] Started resource qb-weapons
[    c-scripting-core] Creating script environments for qb-inventory
[           resources] Started resource qb-inventory
[    c-scripting-core] Creating script environments for qb-jewelery
[           resources] Started resource qb-jewelery
[    c-scripting-core] Creating script environments for qb-lapraces
[           resources] Started resource qb-lapraces
[           resources] Started resource qb-loading
[    c-scripting-core] Creating script environments for qb-management
[           resources] [0mStarted resource qb-management
[    c-scripting-core] Creating script environments for qb-mechanicjob
[           resources] Started resource qb-mechanicjob
[           resources] [0mStarted resource qb-menu
[    c-scripting-core] Creating script environments for qb-spawn
[           resources] Started resource qb-spawn
[    c-scripting-core] Creating script environments for qb-multicharacter
[           resources] Started resource qb-multicharacter
[    c-scripting-core] Creating script environments for qb-newsjob
[           resources] Started resource qb-newsjob
[    c-scripting-core] Creating script environments for qb-pawnshop
[           resources] Started resource qb-pawnshop
[    c-scripting-core] Creating script environments for qb-phone
[           resources] Started resource qb-phone
[    c-scripting-core] Creating script environments for qb-policejob
[           resources] Started resource qb-policejob
[    c-scripting-core] Creating script environments for qb-prison
[           resources] Started resource qb-prison
[    c-scripting-core] Creating script environments for qb-radialmenu
[           resources] Started resource qb-radialmenu
[    c-scripting-core] Creating script environments for qb-recyclejob
[           resources] Started resource qb-recyclejob
[    c-scripting-core] Creating script environments for qb-scoreboard
[           resources] Started resource qb-scoreboard
[    c-scripting-core] Creating script environments for qb-scrapyard
[           resources] Started resource qb-scrapyard
[    c-scripting-core] Creating script environments for qb-shops
[           resources] Started resource qb-shops
[    c-scripting-core] Creating script environments for qb-smallresources
[           resources] Started resource qb-smallresources
[    c-scripting-core] Creating script environments for qb-storerobbery
[           resources] [0mStarted resource qb-storerobbery
[    c-scripting-core] Creating script environments for qb-streetraces
[           resources] Started resource qb-streetraces
[           resources] Started resource qb-target
[    c-scripting-core] Creating script environments for qb-taxijob
[           resources] Started resource qb-taxijob
[    c-scripting-core] Creating script environments for qb-towjob
[           resources] Started resource qb-towjob
[    c-scripting-core] Creating script environments for qb-traphouse
[           resources] Started resource qb-traphouse
[    c-scripting-core] Creating script environments for qb-truckerjob
[           resources] Started resource qb-truckerjob
[    c-scripting-core] Creating script environments for qb-truckrobbery
[           resources] Started resource qb-truckrobbery
[    c-scripting-core] Creating script environments for qb-vehiclekeys
[           resources] Started resource qb-vehiclekeys
[    c-scripting-core] Creating script environments for qb-vehiclesales
[           resources] Started resource qb-vehiclesales
[    c-scripting-core] Creating script environments for qb-vehicleshop
[           resources] Started resource qb-vehicleshop
[    c-scripting-core] Creating script environments for qb-vineyard
[           resources] Started resource qb-vineyard
[    c-scripting-core] Creating script environments for qb-weed
[           resources] Started resource qb-weed
[    c-scripting-core] Creating script environments for LegacyFuel
[           resources] Started resource LegacyFuel
[ citizen-server-impl] sync thread hitch warning: timer interval of 143 milliseconds
[           resources] Started resource bob74_ipl
[    c-scripting-core] Creating script environments for connectqueue
[ script:connectqueue] QUEUE:  [connectqueue] Disabling hardcap 
[           resources] Stopping resource hardcap
[           resources] Started resource connectqueue
[    c-scripting-core] Creating script environments for interact-sound
[           resources] Started resource interact-sound
[           resources] Started resource progressbar
[           resources] Started resource safecracker
[ citizen-server-impl] Running build tasks on resource webpack - it'll restart once completed.
[    c-resources-core] Could not start dependency webpack for resource screenshot-basic.
[ citizen-server-impl] Couldn't start resource screenshot-basic.
[    c-scripting-core] Creating script environments for pma-voice
[           resources] Started resource pma-voice
[    c-scripting-core] Creating script environments for qb-radio
[           resources] Started resource qb-radio
[ citizen-server-impl] sync thread hitch warning: timer interval of 105 milliseconds
[           resources] Started resource dealer_map
[           resources] Started resource hospital_map
[           resources] Started resource prison_canteen
[ citizen-server-impl] sync thread hitch warning: timer interval of 144 milliseconds
[resources:prison_mai] Asset prison_main/desertos_prison.ytd uses 30.5 MiB of physical memory.
[           resources] Started resource prison_main (1 warning)
[           resources] Started resource prison_meeting
[         script:yarn] [yarn]	yarn install v1.22.5
[38;5;151m[         script:yarn] [1/4] Resolving packages...
[         script:yarn] [2/4] Fetching packages...
[         script:yarn] [yarn]	yarn install v1.22.5
[         script:yarn] Error: [yarn]	warning Waiting for the other yarn instance to finish (pid undefined, inside undefined)
[   script:mapmanager] Started map fivem-map-hipster
[           resources] Started resource fivem-map-hipster
[ citizen-server-impl] server thread hitch warning: timer interval of 244 milliseconds
[      script:oxmysql] [10.4.32-MariaDB] [32mDatabase server connection established!
[ citizen-server-impl]         fff                          
[ citizen-server-impl]   cccc ff   xx  xx     rr rr    eee  
[ citizen-server-impl] cc     ffff   xx       rrr  r ee   e 
[ citizen-server-impl] cc     ff     xx   ... rr     eeeee  
[ citizen-server-impl]  ccccc ff   xx  xx ... rr      eeeee 
[ citizen-server-impl]                                      
[ citizen-server-impl] Authenticated with cfx.re Nucleus: https://grinmord-bzk5p4.users.cfx.re/
[      script:oxmysql] An update is available for oxmysql (current version: 2.8.0)
[      script:oxmysql] https://github.com/overextended/oxmysql/releases/tag/v2.9.1
[         script:yarn] [yarn]	info fsevents@2.3.1: The platform "win32" is incompatible with this module.
[         script:yarn] [yarn]	info "fsevents@2.3.1" is an optional dependency and failed compatibility check. Excluding it from installation.
[         script:yarn] [yarn]	info fsevents@1.2.13: The platform "win32" is incompatible with this module.
[         script:yarn] info "fsevents@1.2.13" is an optional dependency and failed compatibility check. Excluding it from installation.
[         script:yarn] [yarn]	[3/4] Linking dependencies...
[         script:yarn] [yarn]	[4/4] Building fresh packages...
[         script:yarn] Error: [yarn]	warning Ignored scripts due to flag.
[         script:yarn] [yarn]	Done in 17.82s.
[ citizen-server-impl] Build tasks completed - starting resource webpack.
[    c-scripting-core] Creating script environments for webpack
[ citizen-server-impl] Running build tasks on resource chat - it'll restart once completed.
[ citizen-server-impl] Running build tasks on resource screenshot-basic - it'll restart once completed.
[         script:yarn] yarn is currently busy: we are waiting to compile screenshot-basic
[           resources] Started resource webpack
[ citizen-server-impl] server thread hitch warning: timer interval of 191 milliseconds
[         script:yarn] [yarn]	[1/4] Resolving packages...
[         script:yarn] [yarn]	success Already up-to-date.
[         script:yarn] [yarn]	Done in 9.24s.
[ citizen-server-impl] Build tasks completed - starting resource webpack.
[         script:yarn] [0m[yarn]	yarn install v1.22.5
[         script:yarn] [yarn]	[1/4] Resolving packages...
[         script:yarn] [yarn]	[2/4] Fetching packages...
[         script:yarn] [yarn]	yarn install v1.22.5
[         script:yarn] Error: [yarn]	warning Waiting for the other yarn instance to finish (pid undefined, inside undefined)
[         script:yarn] [yarn]	info fsevents@1.2.11: The platform "win32" is incompatible with this module.
[         script:yarn] [yarn]	info "fsevents@1.2.11" is an optional dependency and failed compatibility check. Excluding it from installation.
[         script:yarn] [yarn]	[3/4] Linking dependencies...
[         script:yarn] [yarn]	[4/4] Building fresh packages...
[         script:yarn] Error: [yarn]	warning Ignored scripts due to flag.
[         script:yarn] [0m[yarn]	Done in 24.32s.
[      script:webpack] chat: started building webpack.config.js
[ citizen-server-impl] server thread hitch warning: timer interval of 12985 milliseconds
[         script:yarn] [yarn]	[1/4] Resolving packages...
[         script:yarn] [2/4] Fetching packages...
[         script:yarn] [yarn]	info fsevents@2.3.1: The platform "win32" is incompatible with this module.
[         script:yarn] [yarn]	info "fsevents@2.3.1" is an optional dependency and failed compatibility check. Excluding it from installation.
[         script:yarn] [yarn]	info fsevents@1.2.13: The platform "win32" is incompatible with this module.
[         script:yarn] [yarn]	info "fsevents@1.2.13" is an optional dependency and failed compatibility check. Excluding it from installation.
[         script:yarn] [yarn]	[3/4] Linking dependencies...
[         script:yarn] [yarn]	[4/4] Building fresh packages...
[         script:yarn] Error: [yarn]	warning Ignored scripts due to flag.
[         script:yarn] [yarn]	Done in 49.25s.
[      script:webpack] webpack is busy: we are waiting to compile screenshot-basic (client.config.js)
[      script:webpack] chat: built webpack.config.js
[38;5;73m[ citizen-server-impl] Build tasks completed - starting resource chat.
[    c-scripting-core] Creating script environments for chat
[           resources] Started resource chat
[ citizen-server-impl] server thread hitch warning: timer interval of 718 milliseconds
[      script:webpack] screenshot-basic: started building client.config.js
[      script:webpack] webpack is busy: we are waiting to compile screenshot-basic (server.config.js)
[ citizen-server-impl] server thread hitch warning: timer interval of 4055 milliseconds
[      script:webpack] webpack is busy: we are waiting to compile screenshot-basic (server.config.js)
[      script:webpack] screenshot-basic: built client.config.js
[      script:webpack] screenshot-basic: started building server.config.js
[      script:webpack] webpack is busy: we are waiting to compile screenshot-basic (ui.config.js)
[ citizen-server-impl] server thread hitch warning: timer interval of 3656 milliseconds
[      script:webpack] webpack is busy: we are waiting to compile screenshot-basic (ui.config.js)
[      script:webpack] screenshot-basic: built server.config.js
[      script:webpack] screenshot-basic: started building ui.config.js
[ citizen-server-impl] sync thread hitch warning: timer interval of 114 milliseconds
[ citizen-server-impl] sync thread hitch warning: timer interval of 105 milliseconds
[      script:webpack] screenshot-basic: built ui.config.js
[ citizen-server-impl] Build tasks completed - starting resource screenshot-basic.
[    c-scripting-core] Creating script environments for screenshot-basic
[           resources] Started resource screenshot-basic
[ citizen-server-impl] server thread hitch warning: timer interval of 286 milliseconds
[ script:connectqueue] QUEUE: TREKFLAX[license:b3beb1fb1227c9b746b4c1d1f311e378a1cb61a9] was placed 1/1 in queue
[ script:connectqueue] QUEUE: TREKFLAX[license:b3beb1fb1227c9b746b4c1d1f311e378a1cb61a9] is loading into the server
[ citizen-server-impl] Server list query returned an error: System.Net.Sockets.SocketException: Connection refused <- System.Net.Http.HttpRequestException: Connection refused (212.231.121.165:30120)
[ citizen-server-impl] sync thread hitch warning: timer interval of 155 milliseconds
[ citizen-server-impl] sync thread hitch warning: timer interval of 122 milliseconds
[      script:qb-core] [qb-core:LOG] TREKFLAX PLAYER SAVED!
[script:qb-multichara] [qb-core] TREKFLAX has successfully loaded!
[      script:qb-core] [qb-core:LOG] TREKFLAX PLAYER SAVED!
> txaReportResources
[      script:monitor] [txAdmin] Sending resources list to txAdmin.
