
================================================================
======== txAdmin Starting - 21/4/2024 11:53:05                  
================================================================

================================================================
======== Log Rotated - 21/4/2024 11:53:06                       
================================================================
[11:53:26] txAdmin: Logger started
[11:53:41] [H9FBn#1] TREKFLAX: joined with identifiers [license:b3beb1fb1227c9b746b4c1d1f311e378a1cb61a9; discord:726585674756522077; fivem:13748322; license2:b3beb1fb1227c9b746b4c1d1f311e378a1cb61a9]
[11:55:17] [H9FBn#1] TREKFLAX: healed themself
[11:55:33] [H9FBn#1] TREKFLAX: enabled noclip
[11:55:38] [H9FBn#1] TREKFLAX: became mortal (standard mode)
[11:55:46] [H9FBn#1] TREKFLAX: enabled noclip
[11:55:47] [H9FBn#1] TREKFLAX: became mortal (standard mode)
[11:56:08] [H9FBn#1] TREKFLAX: enabled noclip
[11:56:08] [H9FBn#1] TREKFLAX: became mortal (standard mode)
[11:56:11] [H9FBn#1] TREKFLAX: enabled noclip
[11:56:17] [H9FBn#1] TREKFLAX: became mortal (standard mode)
[11:56:17] [H9FBn#1] TREKFLAX: enabled noclip
[11:56:23] [H9FBn#1] TREKFLAX: became mortal (standard mode)
[11:58:56] [H9FBn#1] TREKFLAX: enabled noclip
[11:59:00] [H9FBn#1] TREKFLAX: became mortal (standard mode)
[11:59:02] [H9FBn#1] TREKFLAX: enabled noclip
[11:59:02] [H9FBn#1] TREKFLAX: became mortal (standard mode)
[11:59:03] [H9FBn#1] TREKFLAX: enabled noclip
[11:59:04] [H9FBn#1] TREKFLAX: became mortal (standard mode)
[11:59:06] [H9FBn#1] TREKFLAX: enabled noclip
[11:59:07] [H9FBn#1] TREKFLAX: became mortal (standard mode)
[11:59:44] [H9FBn#1] TREKFLAX: enabled noclip
[11:59:44] [H9FBn#1] TREKFLAX: became mortal (standard mode)
[12:27:55] [H9FBn#1] TREKFLAX: disconnected ([txAdmin] Reiniciando Servidor (requested by GRINMORD).)
[12:28:17] txAdmin: Logger started
[12:29:19] txAdmin: Logger started
[12:30:22] txAdmin: Logger started
[12:30:45] txAdmin: Logger started
[12:31:12] [nMQfE#1] TREKFLAX: joined with identifiers [license:b3beb1fb1227c9b746b4c1d1f311e378a1cb61a9; discord:726585674756522077; fivem:13748322; license2:b3beb1fb1227c9b746b4c1d1f311e378a1cb61a9]
[12:32:37] [nMQfE#1] TREKFLAX: enabled noclip
[12:32:42] [nMQfE#1] TREKFLAX: became mortal (standard mode)
[12:33:44] [nMQfE#1] TREKFLAX: enabled noclip
[12:33:58] [nMQfE#1] TREKFLAX: became mortal (standard mode)
[12:34:00] [nMQfE#1] TREKFLAX: enabled noclip
[12:34:00] [nMQfE#1] TREKFLAX: became mortal (standard mode)
[12:34:04] [nMQfE#1] TREKFLAX: enabled noclip
[12:34:04] [nMQfE#1] TREKFLAX: became mortal (standard mode)
[12:34:05] [nMQfE#1] TREKFLAX: enabled noclip
[12:34:06] [nMQfE#1] TREKFLAX: became mortal (standard mode)
[12:35:45] [nMQfE#1] TREKFLAX: enabled noclip
[12:35:50] [nMQfE#1] TREKFLAX: became mortal (standard mode)
[12:35:51] [nMQfE#1] TREKFLAX: enabled noclip
[12:35:58] [nMQfE#1] TREKFLAX: became mortal (standard mode)
[12:39:32] [nMQfE#1] TREKFLAX: enabled noclip
[12:39:36] [nMQfE#1] TREKFLAX: became mortal (standard mode)
[12:39:38] [nMQfE#1] TREKFLAX: enabled noclip
[12:39:44] [nMQfE#1] TREKFLAX: became mortal (standard mode)
[12:39:44] [nMQfE#1] TREKFLAX: enabled noclip
[12:39:47] [nMQfE#1] TREKFLAX: became mortal (standard mode)
[12:39:58] [nMQfE#1] TREKFLAX: repaired their vehicle
[12:39:59] [nMQfE#1] TREKFLAX: deleted a vehicle
[12:40:27] [nMQfE#1] TREKFLAX: said "/os_policegarage"
[12:40:28] [nMQfE#1] TREKFLAX: said "/os_policegarage"
[12:40:32] [nMQfE#1] TREKFLAX: said "/os-policegarage"
[12:41:25] [nMQfE#1] TREKFLAX: teleported to a waypoint
[12:42:21] [nMQfE#1] TREKFLAX: enabled noclip
[12:42:29] [nMQfE#1] TREKFLAX: became mortal (standard mode)
[12:45:07] [nMQfE#1] TREKFLAX: enabled noclip
[12:45:08] [nMQfE#1] TREKFLAX: became mortal (standard mode)
[12:45:10] [nMQfE#1] TREKFLAX: enabled noclip
[12:45:20] [nMQfE#1] TREKFLAX: became mortal (standard mode)
[12:45:21] [nMQfE#1] TREKFLAX: enabled noclip
[12:45:22] [nMQfE#1] TREKFLAX: became mortal (standard mode)
[12:45:25] [nMQfE#1] TREKFLAX: enabled noclip
[12:45:35] [nMQfE#1] TREKFLAX: became mortal (standard mode)
[12:45:55] [nMQfE#1] TREKFLAX: enabled noclip
[12:45:55] [nMQfE#1] TREKFLAX: became mortal (standard mode)
[12:46:06] [nMQfE#1] TREKFLAX: enabled noclip
[12:46:18] [nMQfE#1] TREKFLAX: became mortal (standard mode)
[12:46:27] [nMQfE#1] TREKFLAX: enabled noclip
[12:46:31] [nMQfE#1] TREKFLAX: became mortal (standard mode)
[12:46:37] [nMQfE#1] TREKFLAX: enabled noclip
[12:46:43] [nMQfE#1] TREKFLAX: became mortal (standard mode)
[12:47:03] [nMQfE#1] TREKFLAX: enabled noclip
[12:47:04] [nMQfE#1] TREKFLAX: became mortal (standard mode)
[12:47:07] [nMQfE#1] TREKFLAX: enabled noclip
[12:47:08] [nMQfE#1] TREKFLAX: became mortal (standard mode)
[12:47:15] [nMQfE#1] TREKFLAX: deleted a vehicle
[12:47:19] [nMQfE#1] TREKFLAX: enabled noclip
[12:47:23] [nMQfE#1] TREKFLAX: became mortal (standard mode)
[12:47:32] [nMQfE#1] TREKFLAX: healed themself
[12:47:35] [nMQfE#1] TREKFLAX: enabled noclip
[12:47:36] [nMQfE#1] TREKFLAX: became mortal (standard mode)
[12:47:43] [nMQfE#1] TREKFLAX: enabled noclip
[12:47:43] [nMQfE#1] TREKFLAX: became mortal (standard mode)
[12:47:59] [nMQfE#1] TREKFLAX: enabled noclip
[12:47:59] [nMQfE#1] TREKFLAX: became mortal (standard mode)
[12:48:01] [nMQfE#1] TREKFLAX: enabled noclip
[12:48:01] [nMQfE#1] TREKFLAX: became mortal (standard mode)
[12:48:03] [nMQfE#1] TREKFLAX: enabled noclip
[12:48:08] [nMQfE#1] TREKFLAX: became mortal (standard mode)
[12:48:43] [nMQfE#1] TREKFLAX: disconnected ([txAdmin] Apagando el servidor: (requested by GRINMORD).)
