
================================================================
======== txAdmin Starting - 22/4/2024 19:16:10                  
================================================================

================================================================
======== Log Rotated - 22/4/2024 19:16:10                       
================================================================
[19:16:27] txAdmin: Logger started

================================================================
======== txAdmin Starting - 22/4/2024 19:21:49                  
================================================================
[19:22:04] txAdmin: Logger started
[19:22:25] [EQPTX#1] TREKFLAX: joined with identifiers [license:b3beb1fb1227c9b746b4c1d1f311e378a1cb61a9; discord:726585674756522077; fivem:13748322; license2:b3beb1fb1227c9b746b4c1d1f311e378a1cb61a9]
[19:24:16] [EQPTX#1] TREKFLAX: disconnected (Server shutting down: SIGHUP received)

================================================================
======== txAdmin Starting - 22/4/2024 19:28:52                  
================================================================
[19:29:05] txAdmin: Logger started
[19:29:28] [hDBKG#1] TREKFLAX: joined with identifiers [license:b3beb1fb1227c9b746b4c1d1f311e378a1cb61a9; discord:726585674756522077; fivem:13748322; license2:b3beb1fb1227c9b746b4c1d1f311e378a1cb61a9]

================================================================
======== txAdmin Starting - 22/4/2024 19:52:56                  
================================================================
[19:53:08] txAdmin: Logger started
[19:54:03] [3Vpde#1] TREKFLAX: joined with identifiers [license:b3beb1fb1227c9b746b4c1d1f311e378a1cb61a9; discord:726585674756522077; fivem:13748322; license2:b3beb1fb1227c9b746b4c1d1f311e378a1cb61a9]
[19:56:25] [3Vpde#1] TREKFLAX: enabled noclip
[19:56:26] [3Vpde#1] TREKFLAX: became mortal (standard mode)
[19:57:35] [3Vpde#1] TREKFLAX: enabled noclip
[19:57:39] [3Vpde#1] TREKFLAX: became mortal (standard mode)
[19:58:34] [3Vpde#1] TREKFLAX: enabled noclip
[19:58:35] [3Vpde#1] TREKFLAX: became mortal (standard mode)
[19:58:37] [3Vpde#1] TREKFLAX: said "/sto21"
[19:58:44] [3Vpde#1] TREKFLAX: enabled noclip
[19:58:46] [3Vpde#1] TREKFLAX: became mortal (standard mode)
[19:58:59] [3Vpde#1] TREKFLAX: boosted their vehicle
[19:59:16] [3Vpde#1] TREKFLAX: enabled noclip
[19:59:23] [3Vpde#1] TREKFLAX: became mortal (standard mode)
[19:59:27] [3Vpde#1] TREKFLAX: enabled noclip
[19:59:34] [3Vpde#1] TREKFLAX: became mortal (standard mode)
[20:00:00] [3Vpde#1] TREKFLAX: enabled noclip
[20:01:26] [3Vpde#1] TREKFLAX: became mortal (standard mode)
[20:01:34] [3Vpde#1] TREKFLAX: enabled noclip
[20:01:40] [3Vpde#1] TREKFLAX: became mortal (standard mode)
[20:01:57] [3Vpde#1] TREKFLAX: enabled noclip
[20:01:58] [3Vpde#1] TREKFLAX: became mortal (standard mode)
[20:02:07] [3Vpde#1] TREKFLAX: enabled noclip
[20:02:25] [3Vpde#1] TREKFLAX: became mortal (standard mode)
[20:02:35] [3Vpde#1] TREKFLAX: enabled noclip
[20:02:43] [3Vpde#1] TREKFLAX: became mortal (standard mode)
[20:02:56] [3Vpde#1] TREKFLAX: enabled noclip
[20:03:13] [3Vpde#1] TREKFLAX: became mortal (standard mode)
[20:03:26] [3Vpde#1] TREKFLAX: enabled noclip
[20:03:48] [3Vpde#1] TREKFLAX: became mortal (standard mode)
[20:03:49] [3Vpde#1] TREKFLAX: enabled noclip
[20:04:02] [3Vpde#1] TREKFLAX: became mortal (standard mode)
[20:04:10] [3Vpde#1] TREKFLAX: enabled noclip
[20:04:10] [3Vpde#1] TREKFLAX: became mortal (standard mode)
[20:04:11] [3Vpde#1] TREKFLAX: enabled noclip
[20:04:11] [3Vpde#1] TREKFLAX: became mortal (standard mode)
[20:04:28] [3Vpde#1] TREKFLAX: enabled noclip
[20:04:42] [3Vpde#1] TREKFLAX: became mortal (standard mode)
[20:04:42] [3Vpde#1] TREKFLAX: enabled noclip
[20:04:48] [3Vpde#1] TREKFLAX: became mortal (standard mode)
[20:05:35] [3Vpde#1] TREKFLAX: enabled noclip
[20:05:36] [3Vpde#1] TREKFLAX: became mortal (standard mode)
[20:05:42] [3Vpde#1] TREKFLAX: spawned a vehicle (model: volatus)
[20:05:50] [3Vpde#1] TREKFLAX: caused an explosion (PLANE)
[20:05:50] [3Vpde#1] TREKFLAX: enabled noclip
[20:05:50] [3Vpde#1] TREKFLAX: caused an explosion (PETROL_PUMP)
[20:05:50] [3Vpde#1] TREKFLAX: caused an explosion (CAR)
[20:05:51] [3Vpde#1] TREKFLAX: caused an explosion (PETROL_PUMP)
[20:05:51] [3Vpde#1] TREKFLAX: caused an explosion (CAR)
[20:05:51] [3Vpde#1] TREKFLAX: caused an explosion (CAR)
[20:05:52] [3Vpde#1] TREKFLAX: became mortal (standard mode)
[20:05:53] [3Vpde#1] TREKFLAX: caused an explosion (PETROL_PUMP)
[20:05:55] [3Vpde#1] TREKFLAX: caused an explosion (CAR)
[20:06:00] [3Vpde#1] TREKFLAX: caused an explosion (PETROL_PUMP)
[20:06:00] [3Vpde#1] TREKFLAX: spawned a vehicle (model: trophytruck)
[20:06:06] [3Vpde#1] TREKFLAX: enabled noclip
[20:06:06] [3Vpde#1] TREKFLAX: became mortal (standard mode)
[20:08:00] [3Vpde#1] TREKFLAX: boosted their vehicle
[20:08:37] [3Vpde#1] TREKFLAX: enabled noclip
[20:08:50] [3Vpde#1] TREKFLAX: became mortal (standard mode)
[20:08:59] [3Vpde#1] TREKFLAX: enabled noclip
[20:09:06] [3Vpde#1] TREKFLAX: became mortal (standard mode)
[20:09:26] [3Vpde#1] TREKFLAX: died from suicide (Falling)
[20:09:38] [3Vpde#1] TREKFLAX: enabled noclip
[20:09:41] [3Vpde#1] TREKFLAX: became mortal (standard mode)
[20:09:43] [3Vpde#1] TREKFLAX: died from suicide (Falling)
[20:09:47] [3Vpde#1] TREKFLAX: said "/tz"
[20:09:50] [3Vpde#1] TREKFLAX: healed themself
[20:10:18] [3Vpde#1] TREKFLAX: enabled noclip
[20:10:21] [3Vpde#1] TREKFLAX: became mortal (standard mode)
[20:16:03] [3Vpde#1] TREKFLAX: disconnected (Exiting)
