
================================================================
======== txAdmin Starting - 21/4/2024 11:53:05                  
================================================================

================================================================
======== Log Rotated - 21/4/2024 11:53:06                       
================================================================
[11:53:26] txAdmin: Logger started
[11:53:41] [H9FBn#1] TREKFLAX: joined with identifiers [license:b3beb1fb1227c9b746b4c1d1f311e378a1cb61a9; discord:726585674756522077; fivem:13748322; license2:b3beb1fb1227c9b746b4c1d1f311e378a1cb61a9]
[11:55:17] [H9FBn#1] TREKFLAX: healed themself
[11:55:33] [H9FBn#1] TREKFLAX: enabled noclip
[11:55:38] [H9FBn#1] TREKFLAX: became mortal (standard mode)
[11:55:46] [H9FBn#1] TREKFLAX: enabled noclip
[11:55:47] [H9FBn#1] TREKFLAX: became mortal (standard mode)
[11:56:08] [H9FBn#1] TREKFLAX: enabled noclip
[11:56:08] [H9FBn#1] TREKFLAX: became mortal (standard mode)
[11:56:11] [H9FBn#1] TREKFLAX: enabled noclip
[11:56:17] [H9FBn#1] TREKFLAX: became mortal (standard mode)
[11:56:17] [H9FBn#1] TREKFLAX: enabled noclip
[11:56:23] [H9FBn#1] TREKFLAX: became mortal (standard mode)
[11:58:56] [H9FBn#1] TREKFLAX: enabled noclip
[11:59:00] [H9FBn#1] TREKFLAX: became mortal (standard mode)
[11:59:02] [H9FBn#1] TREKFLAX: enabled noclip
[11:59:02] [H9FBn#1] TREKFLAX: became mortal (standard mode)
[11:59:03] [H9FBn#1] TREKFLAX: enabled noclip
[11:59:04] [H9FBn#1] TREKFLAX: became mortal (standard mode)
[11:59:06] [H9FBn#1] TREKFLAX: enabled noclip
[11:59:07] [H9FBn#1] TREKFLAX: became mortal (standard mode)
[11:59:44] [H9FBn#1] TREKFLAX: enabled noclip
[11:59:44] [H9FBn#1] TREKFLAX: became mortal (standard mode)
[12:27:55] [H9FBn#1] TREKFLAX: disconnected ([txAdmin] Reiniciando Servidor (requested by GRINMORD).)
[12:28:17] txAdmin: Logger started
[12:29:19] txAdmin: Logger started
[12:30:22] txAdmin: Logger started
[12:30:45] txAdmin: Logger started
[12:31:12] [nMQfE#1] TREKFLAX: joined with identifiers [license:b3beb1fb1227c9b746b4c1d1f311e378a1cb61a9; discord:726585674756522077; fivem:13748322; license2:b3beb1fb1227c9b746b4c1d1f311e378a1cb61a9]
[12:32:37] [nMQfE#1] TREKFLAX: enabled noclip
[12:32:42] [nMQfE#1] TREKFLAX: became mortal (standard mode)
[12:33:44] [nMQfE#1] TREKFLAX: enabled noclip
[12:33:58] [nMQfE#1] TREKFLAX: became mortal (standard mode)
[12:34:00] [nMQfE#1] TREKFLAX: enabled noclip
[12:34:00] [nMQfE#1] TREKFLAX: became mortal (standard mode)
[12:34:04] [nMQfE#1] TREKFLAX: enabled noclip
[12:34:04] [nMQfE#1] TREKFLAX: became mortal (standard mode)
[12:34:05] [nMQfE#1] TREKFLAX: enabled noclip
[12:34:06] [nMQfE#1] TREKFLAX: became mortal (standard mode)
[12:35:45] [nMQfE#1] TREKFLAX: enabled noclip
[12:35:50] [nMQfE#1] TREKFLAX: became mortal (standard mode)
[12:35:51] [nMQfE#1] TREKFLAX: enabled noclip
[12:35:58] [nMQfE#1] TREKFLAX: became mortal (standard mode)
[12:39:32] [nMQfE#1] TREKFLAX: enabled noclip
[12:39:36] [nMQfE#1] TREKFLAX: became mortal (standard mode)
[12:39:38] [nMQfE#1] TREKFLAX: enabled noclip
[12:39:44] [nMQfE#1] TREKFLAX: became mortal (standard mode)
[12:39:44] [nMQfE#1] TREKFLAX: enabled noclip
[12:39:47] [nMQfE#1] TREKFLAX: became mortal (standard mode)
[12:39:58] [nMQfE#1] TREKFLAX: repaired their vehicle
[12:39:59] [nMQfE#1] TREKFLAX: deleted a vehicle
[12:40:27] [nMQfE#1] TREKFLAX: said "/os_policegarage"
[12:40:28] [nMQfE#1] TREKFLAX: said "/os_policegarage"
[12:40:32] [nMQfE#1] TREKFLAX: said "/os-policegarage"
[12:41:25] [nMQfE#1] TREKFLAX: teleported to a waypoint
[12:42:21] [nMQfE#1] TREKFLAX: enabled noclip
[12:42:29] [nMQfE#1] TREKFLAX: became mortal (standard mode)
[12:45:07] [nMQfE#1] TREKFLAX: enabled noclip
[12:45:08] [nMQfE#1] TREKFLAX: became mortal (standard mode)
[12:45:10] [nMQfE#1] TREKFLAX: enabled noclip
[12:45:20] [nMQfE#1] TREKFLAX: became mortal (standard mode)
[12:45:21] [nMQfE#1] TREKFLAX: enabled noclip
[12:45:22] [nMQfE#1] TREKFLAX: became mortal (standard mode)
[12:45:25] [nMQfE#1] TREKFLAX: enabled noclip
[12:45:35] [nMQfE#1] TREKFLAX: became mortal (standard mode)
[12:45:55] [nMQfE#1] TREKFLAX: enabled noclip
[12:45:55] [nMQfE#1] TREKFLAX: became mortal (standard mode)
[12:46:06] [nMQfE#1] TREKFLAX: enabled noclip
[12:46:18] [nMQfE#1] TREKFLAX: became mortal (standard mode)
[12:46:27] [nMQfE#1] TREKFLAX: enabled noclip
[12:46:31] [nMQfE#1] TREKFLAX: became mortal (standard mode)
[12:46:37] [nMQfE#1] TREKFLAX: enabled noclip
[12:46:43] [nMQfE#1] TREKFLAX: became mortal (standard mode)
[12:47:03] [nMQfE#1] TREKFLAX: enabled noclip
[12:47:04] [nMQfE#1] TREKFLAX: became mortal (standard mode)
[12:47:07] [nMQfE#1] TREKFLAX: enabled noclip
[12:47:08] [nMQfE#1] TREKFLAX: became mortal (standard mode)
[12:47:15] [nMQfE#1] TREKFLAX: deleted a vehicle
[12:47:19] [nMQfE#1] TREKFLAX: enabled noclip
[12:47:23] [nMQfE#1] TREKFLAX: became mortal (standard mode)
[12:47:32] [nMQfE#1] TREKFLAX: healed themself
[12:47:35] [nMQfE#1] TREKFLAX: enabled noclip
[12:47:36] [nMQfE#1] TREKFLAX: became mortal (standard mode)
[12:47:43] [nMQfE#1] TREKFLAX: enabled noclip
[12:47:43] [nMQfE#1] TREKFLAX: became mortal (standard mode)
[12:47:59] [nMQfE#1] TREKFLAX: enabled noclip
[12:47:59] [nMQfE#1] TREKFLAX: became mortal (standard mode)
[12:48:01] [nMQfE#1] TREKFLAX: enabled noclip
[12:48:01] [nMQfE#1] TREKFLAX: became mortal (standard mode)
[12:48:03] [nMQfE#1] TREKFLAX: enabled noclip
[12:48:08] [nMQfE#1] TREKFLAX: became mortal (standard mode)
[12:48:43] [nMQfE#1] TREKFLAX: disconnected ([txAdmin] Apagando el servidor: (requested by GRINMORD).)

================================================================
======== txAdmin Starting - 21/4/2024 12:49:44                  
================================================================
[12:50:07] txAdmin: Logger started
[12:50:25] [VAjyp#1] TREKFLAX: joined with identifiers [license:b3beb1fb1227c9b746b4c1d1f311e378a1cb61a9; discord:726585674756522077; fivem:13748322; license2:b3beb1fb1227c9b746b4c1d1f311e378a1cb61a9]
[12:51:39] [VAjyp#1] TREKFLAX: enabled noclip
[12:51:42] [VAjyp#1] TREKFLAX: became mortal (standard mode)
[12:51:44] [VAjyp#1] TREKFLAX: enabled noclip
[12:51:44] [VAjyp#1] TREKFLAX: became mortal (standard mode)
[12:51:49] [VAjyp#1] TREKFLAX: enabled noclip
[12:51:50] [VAjyp#1] TREKFLAX: became mortal (standard mode)
[12:54:23] [VAjyp#1] TREKFLAX: disconnected (Disconnected.)

================================================================
======== txAdmin Starting - 21/4/2024 14:12:35                  
================================================================
[14:13:04] txAdmin: Logger started
[14:13:41] [87rCb#1] TREKFLAX: joined with identifiers [license:b3beb1fb1227c9b746b4c1d1f311e378a1cb61a9; discord:726585674756522077; fivem:13748322; license2:b3beb1fb1227c9b746b4c1d1f311e378a1cb61a9]
[14:15:31] [87rCb#1] TREKFLAX: enabled noclip
[14:15:33] [87rCb#1] TREKFLAX: became mortal (standard mode)
[14:15:41] [87rCb#1] TREKFLAX: enabled noclip
[14:15:42] [87rCb#1] TREKFLAX: became mortal (standard mode)
[14:15:42] [87rCb#1] TREKFLAX: enabled noclip
[14:15:42] [87rCb#1] TREKFLAX: became mortal (standard mode)
[14:15:43] [87rCb#1] TREKFLAX: enabled noclip
[14:15:43] [87rCb#1] TREKFLAX: became mortal (standard mode)
[14:17:02] [87rCb#1] TREKFLAX: spawned a vehicle (model: coquette)
[14:17:11] [87rCb#1] TREKFLAX: turned show player IDs on
[14:31:30] [87rCb#1] TREKFLAX: enabled noclip
[14:31:30] [87rCb#1] TREKFLAX: became mortal (standard mode)
[14:31:32] [87rCb#1] TREKFLAX: enabled noclip
[14:31:33] [87rCb#1] TREKFLAX: became mortal (standard mode)
[14:32:12] [87rCb#1] TREKFLAX: teleported to a waypoint
[14:32:16] [87rCb#1] TREKFLAX: enabled noclip
[14:32:18] [87rCb#1] TREKFLAX: became mortal (standard mode)
[14:32:25] [87rCb#1] TREKFLAX: enabled noclip
[14:32:28] [87rCb#1] TREKFLAX: became mortal (standard mode)
[14:32:35] [87rCb#1] TREKFLAX: enabled noclip
[14:32:35] [87rCb#1] TREKFLAX: became mortal (standard mode)
[14:32:44] [87rCb#1] TREKFLAX: enabled noclip
[14:32:45] [87rCb#1] TREKFLAX: became mortal (standard mode)
[14:32:56] [87rCb#1] TREKFLAX: enabled noclip
[14:32:56] [87rCb#1] TREKFLAX: became mortal (standard mode)
[14:32:57] [87rCb#1] TREKFLAX: enabled noclip
[14:32:59] [87rCb#1] TREKFLAX: became mortal (standard mode)
[14:33:00] [87rCb#1] TREKFLAX: enabled noclip
[14:33:12] [87rCb#1] TREKFLAX: became mortal (standard mode)
[14:33:15] [87rCb#1] TREKFLAX: enabled noclip
[14:33:15] [87rCb#1] TREKFLAX: became mortal (standard mode)
[14:33:21] [87rCb#1] TREKFLAX: enabled noclip
[14:33:26] [87rCb#1] TREKFLAX: became mortal (standard mode)
[14:44:45] [87rCb#2] ALEXIS: joined with identifiers [license:e95752a787a62fedc9ee82e9297df538a1bd84fd; discord:996146191953834125; fivem:13797818; license2:e95752a787a62fedc9ee82e9297df538a1bd84fd]
[14:45:51] [87rCb#2] ALEXIS: disconnected (Server->client connection timed out. Last seen 53872 msec ago.)
[14:50:04] [87rCb#1] TREKFLAX: disconnected (Exiting)
[14:50:22] [87rCb#3] TREKFLAX: joined with identifiers [license:b3beb1fb1227c9b746b4c1d1f311e378a1cb61a9; discord:726585674756522077; fivem:13748322; license2:b3beb1fb1227c9b746b4c1d1f311e378a1cb61a9]
[14:55:01] [87rCb#3] TREKFLAX: enabled noclip
[14:55:15] [87rCb#3] TREKFLAX: became mortal (standard mode)
[14:55:24] [87rCb#3] TREKFLAX: enabled noclip
[14:55:26] [87rCb#3] TREKFLAX: became mortal (standard mode)
[14:55:41] [87rCb#3] TREKFLAX: enabled noclip
[14:55:41] [87rCb#3] TREKFLAX: became mortal (standard mode)
[14:55:47] [87rCb#3] TREKFLAX: caused an explosion (PLANE)
[14:55:51] [87rCb#3] TREKFLAX: enabled noclip
[14:55:51] [87rCb#3] TREKFLAX: became mortal (standard mode)
[14:55:52] [87rCb#3] TREKFLAX: enabled noclip
[14:55:53] [87rCb#3] TREKFLAX: became mortal (standard mode)
[14:56:24] [87rCb#3] TREKFLAX: enabled noclip
[14:56:26] [87rCb#3] TREKFLAX: became mortal (standard mode)
[14:56:44] [87rCb#3] TREKFLAX: enabled noclip
[14:56:48] [87rCb#3] TREKFLAX: became mortal (standard mode)
[14:59:06] [87rCb#3] TREKFLAX: enabled noclip
[14:59:23] [87rCb#3] TREKFLAX: became mortal (standard mode)
[14:59:40] [87rCb#3] TREKFLAX: enabled noclip
[14:59:40] [87rCb#3] TREKFLAX: became mortal (standard mode)
[15:00:24] [87rCb#3] TREKFLAX: enabled noclip
[15:00:25] [87rCb#3] TREKFLAX: became mortal (standard mode)
[15:00:49] [87rCb#3] TREKFLAX: enabled noclip
[15:00:53] [87rCb#3] TREKFLAX: became mortal (standard mode)
[15:01:05] [87rCb#3] TREKFLAX: enabled noclip
[15:01:06] [87rCb#3] TREKFLAX: became mortal (standard mode)
[15:02:57] [87rCb#4] ALEXIS: joined with identifiers [license:e95752a787a62fedc9ee82e9297df538a1bd84fd; discord:996146191953834125; fivem:13797818; license2:e95752a787a62fedc9ee82e9297df538a1bd84fd]
[15:03:10] [87rCb#3] TREKFLAX: teleported to a waypoint
[15:03:17] [87rCb#3] TREKFLAX: enabled noclip
[15:03:20] [87rCb#3] TREKFLAX: became mortal (standard mode)
[15:03:23] [87rCb#3] TREKFLAX: enabled noclip
[15:03:25] [87rCb#3] TREKFLAX: became mortal (standard mode)
[15:03:41] [87rCb#3] TREKFLAX: enabled noclip
[15:03:41] [87rCb#3] TREKFLAX: became mortal (standard mode)
[15:03:43] [87rCb#3] TREKFLAX: enabled noclip
[15:03:43] [87rCb#3] TREKFLAX: became mortal (standard mode)
[15:03:45] [87rCb#3] TREKFLAX: enabled noclip
[15:03:46] [87rCb#3] TREKFLAX: became mortal (standard mode)
[15:04:01] [87rCb#3] TREKFLAX: enabled noclip
[15:04:06] [87rCb#3] TREKFLAX: became mortal (standard mode)
[15:04:08] [87rCb#3] TREKFLAX: enabled noclip
[15:04:20] [87rCb#3] TREKFLAX: became mortal (standard mode)
[15:04:22] [87rCb#3] TREKFLAX: enabled noclip
[15:04:22] [87rCb#3] TREKFLAX: became mortal (standard mode)
[15:04:26] [87rCb#3] TREKFLAX: enabled noclip
[15:04:27] [87rCb#3] TREKFLAX: became mortal (standard mode)
[15:04:31] [87rCb#4] ALEXIS: disconnected (Server->client connection timed out. Last seen 45791 msec ago.)
[15:05:00] [87rCb#3] TREKFLAX: enabled noclip
[15:05:11] [87rCb#3] TREKFLAX: became mortal (standard mode)
[15:05:19] [87rCb#3] TREKFLAX: enabled noclip
[15:05:26] [87rCb#3] TREKFLAX: became mortal (standard mode)
[15:05:51] [87rCb#3] TREKFLAX: enabled noclip
[15:05:52] [87rCb#3] TREKFLAX: became mortal (standard mode)
[15:05:55] [87rCb#3] TREKFLAX: enabled noclip
[15:05:57] [87rCb#3] TREKFLAX: became mortal (standard mode)
[15:06:02] [87rCb#3] TREKFLAX: enabled noclip
[15:06:03] [87rCb#3] TREKFLAX: became mortal (standard mode)
[15:07:00] [87rCb#3] TREKFLAX: enabled noclip
[15:07:02] [87rCb#3] TREKFLAX: became mortal (standard mode)
[15:07:56] [87rCb#3] TREKFLAX: disconnected ([txAdmin] Reiniciando Servidor (requested by GRINMORD).)
[15:08:18] txAdmin: Logger started
[15:08:51] [zJU76#1] TREKFLAX: joined with identifiers [license:b3beb1fb1227c9b746b4c1d1f311e378a1cb61a9; discord:726585674756522077; fivem:13748322; license2:b3beb1fb1227c9b746b4c1d1f311e378a1cb61a9]
[15:09:17] [zJU76#2] ALEXIS: joined with identifiers [license:e95752a787a62fedc9ee82e9297df538a1bd84fd; discord:996146191953834125; fivem:13797818; license2:e95752a787a62fedc9ee82e9297df538a1bd84fd]
[15:10:02] [zJU76#1] TREKFLAX: enabled noclip
[15:10:09] [zJU76#1] TREKFLAX: became mortal (standard mode)
[15:10:16] [zJU76#1] TREKFLAX: enabled noclip
[15:10:24] [zJU76#1] TREKFLAX: became mortal (standard mode)
[15:11:52] [zJU76#1] TREKFLAX: disconnected (Server->client connection timed out. Last seen 38256 msec ago.)
[15:12:41] [zJU76#3] TREKFLAX: joined with identifiers [license:b3beb1fb1227c9b746b4c1d1f311e378a1cb61a9; discord:726585674756522077; fivem:13748322; license2:b3beb1fb1227c9b746b4c1d1f311e378a1cb61a9]
[15:12:54] [zJU76#2] ALEXIS: enabled noclip
[15:13:17] [zJU76#2] ALEXIS: became mortal (standard mode)
[15:13:59] [zJU76#2] ALEXIS: teleported to a waypoint
[15:14:45] [zJU76#3] TREKFLAX: enabled noclip
[15:14:46] [zJU76#3] TREKFLAX: became mortal (standard mode)
[15:15:09] [zJU76#3] TREKFLAX: disconnected (Exiting)
[15:15:27] [zJU76#2] ALEXIS: died from suicide (Falling)
[15:15:29] [zJU76#4] TREKFLAX: joined with identifiers [license:b3beb1fb1227c9b746b4c1d1f311e378a1cb61a9; discord:726585674756522077; fivem:13748322; license2:b3beb1fb1227c9b746b4c1d1f311e378a1cb61a9]
[15:17:25] [zJU76#4] TREKFLAX: enabled noclip
[15:17:26] [zJU76#4] TREKFLAX: became mortal (standard mode)
[15:17:26] [zJU76#4] TREKFLAX: enabled noclip
[15:17:26] [zJU76#4] TREKFLAX: became mortal (standard mode)
[15:17:45] [zJU76#2] ALEXIS: died from suicide (Falling)
[15:18:25] [zJU76#4] TREKFLAX: enabled noclip
[15:18:37] [zJU76#4] TREKFLAX: became mortal (standard mode)
[15:19:06] [zJU76#4] TREKFLAX: enabled noclip
[15:19:07] [zJU76#4] TREKFLAX: became mortal (standard mode)
[15:20:06] [zJU76#4] TREKFLAX: disconnected ([txAdmin] a)
[15:20:55] [zJU76#5] TREKFLAX: joined with identifiers [license:b3beb1fb1227c9b746b4c1d1f311e378a1cb61a9; discord:726585674756522077; fivem:13748322; license2:b3beb1fb1227c9b746b4c1d1f311e378a1cb61a9]
[15:22:19] [zJU76#5] TREKFLAX: said "/taxi"
[15:22:44] [zJU76#5] TREKFLAX: enabled noclip
[15:22:48] [zJU76#5] TREKFLAX: became mortal (standard mode)
[15:22:50] [zJU76#2] ALEXIS: disconnected (Server->client connection timed out. Last seen 59074 msec ago.)
[15:22:59] [zJU76#5] TREKFLAX: enabled noclip
[15:23:00] [zJU76#5] TREKFLAX: became mortal (standard mode)
[15:23:04] [zJU76#5] TREKFLAX: enabled noclip
[15:23:07] [zJU76#5] TREKFLAX: became mortal (standard mode)
[15:23:12] [zJU76#5] TREKFLAX: enabled noclip
[15:23:13] [zJU76#5] TREKFLAX: became mortal (standard mode)
[15:23:34] [zJU76#5] TREKFLAX: enabled noclip
[15:23:35] [zJU76#5] TREKFLAX: became mortal (standard mode)
[15:23:39] [zJU76#5] TREKFLAX: enabled noclip
[15:24:00] [zJU76#5] TREKFLAX: became mortal (standard mode)
[15:24:09] [zJU76#5] TREKFLAX: enabled noclip
[15:24:14] [zJU76#5] TREKFLAX: became mortal (standard mode)
[15:24:20] [zJU76#5] TREKFLAX: enabled noclip
[15:24:21] [zJU76#5] TREKFLAX: became mortal (standard mode)
[15:24:29] [zJU76#5] TREKFLAX: enabled noclip
[15:24:33] [zJU76#5] TREKFLAX: became mortal (standard mode)
[15:24:34] [zJU76#5] TREKFLAX: enabled noclip
[15:24:34] [zJU76#5] TREKFLAX: became mortal (standard mode)
[15:24:36] [zJU76#5] TREKFLAX: enabled noclip
[15:24:37] [zJU76#5] TREKFLAX: became mortal (standard mode)
[15:25:35] [zJU76#5] TREKFLAX: enabled noclip
[15:25:47] [zJU76#5] TREKFLAX: became mortal (standard mode)
[15:26:45] [zJU76#5] TREKFLAX: disconnected ([txAdmin] Reiniciando Servidor (requested by GRINMORD).)
[15:27:15] txAdmin: Logger started
